Using pre-set license
Built from '2020.3/staging' branch; Version is '2020.3.4f1 (0abb6314276a) revision 703331'; Using compiler version '192528614'; Build Type 'Release'
OS: 'Windows 10 Education; OS build 19042.1165; Version 2009; 64bit' Language: 'ko' Physical Memory: 16335 MB
BatchMode: 1, IsHumanControllingUs: 0, StartBugReporterOnCrash: 0, Is64bit: 1, IsPro: 0

 COMMAND LINE ARGUMENTS:
C:\Program Files\Unity\Hub\Editor\2020.3.4f1\Editor\Unity.exe
-adb2
-batchMode
-noUpm
-name
AssetImportWorker0
-projectPath
C:/Users/이지후/Documents/GitHub/AmazingBowling/Amazing Bowling
-logFile
Logs/AssetImportWorker0.log
-srvPort
58672
Successfully changed project path to: C:/Users/이지후/Documents/GitHub/AmazingBowling/Amazing Bowling
C:/Users/이지후/Documents/GitHub/AmazingBowling/Amazing Bowling
Using Asset Import Pipeline V2.
Refreshing native plugins compatible for Editor in 41.17 ms, found 0 plugins.
Preloading 0 native plugins for Editor in 0.00 ms.
Initialize engine version: 2020.3.4f1 (0abb6314276a)
[Subsystems] Discovering subsystems at path C:/Program Files/Unity/Hub/Editor/2020.3.4f1/Editor/Data/Resources/UnitySubsystems
[Subsystems] Discovering subsystems at path C:/Users/이지후/Documents/GitHub/AmazingBowling/Amazing Bowling/Assets
GfxDevice: creating device client; threaded=0
Direct3D:
    Version:  Direct3D 11.0 [level 11.1]
    Renderer: NVIDIA GeForce GTX 1060 6GB (ID=0x1c03)
    Vendor:   
    VRAM:     6052 MB
    Driver:   27.21.14.5671
Initialize mono
Mono path[0] = 'C:/Program Files/Unity/Hub/Editor/2020.3.4f1/Editor/Data/Managed'
Mono path[1] = 'C:/Program Files/Unity/Hub/Editor/2020.3.4f1/Editor/Data/MonoBleedingEdge/lib/mono/unityjit'
Mono config path = 'C:/Program Files/Unity/Hub/Editor/2020.3.4f1/Editor/Data/MonoBleedingEdge/etc'
Using monoOptions --debugger-agent=transport=dt_socket,embedding=1,server=y,suspend=n,address=127.0.0.1:56072
Begin MonoManager ReloadAssembly
Registering precompiled unity dll's ...
Register platform support module: C:/Program Files/Unity/Hub/Editor/2020.3.4f1/Editor/Data/PlaybackEngines/WebGLSupport/UnityEditor.WebGL.Extensions.dll
Register platform support module: C:/Program Files/Unity/Hub/Editor/2020.3.4f1/Editor/Data/PlaybackEngines/WindowsStandaloneSupport/UnityEditor.WindowsStandalone.Extensions.dll
Registered in 0.003863 seconds.
Native extension for WindowsStandalone target not found
Native extension for WebGL target not found
Refreshing native plugins compatible for Editor in 37.23 ms, found 0 plugins.
Preloading 0 native plugins for Editor in 0.00 ms.
Mono: successfully reloaded assembly
- Completed reload, in  1.419 seconds
Platform modules already initialized, skipping
Registering precompiled user dll's ...
Registered in 0.001105 seconds.
Begin MonoManager ReloadAssembly
Native extension for WindowsStandalone target not found
Native extension for WebGL target not found
Refreshing native plugins compatible for Editor in 0.31 ms, found 0 plugins.
Preloading 0 native plugins for Editor in 0.00 ms.
Mono: successfully reloaded assembly
- Completed reload, in  0.956 seconds
Platform modules already initialized, skipping
========================================================================
Worker process is ready to serve import requests
Launched and connected shader compiler UnityShaderCompiler.exe after 0.05 seconds
Refreshing native plugins compatible for Editor in 0.33 ms, found 0 plugins.
Preloading 0 native plugins for Editor in 0.00 ms.
Unloading 1363 Unused Serialized files (Serialized files now loaded: 0)
System memory in use before: 145.0 MB.
System memory in use after: 145.0 MB.

Unloading 14 unused Assets to reduce memory usage. Loaded Objects now: 1817.
Total: 2.863000 ms (FindLiveObjects: 0.219100 ms CreateObjectMapping: 0.074500 ms MarkObjects: 2.411200 ms  DeleteObjects: 0.156800 ms)

========================================================================
Received Import Request.
  path: Assets/plane.mat
  artifactKey: Guid(9345a66ddfa2b0043a4d4912742839d6) Importer(815301076,1909f56bfc062723c751e8b465ee728b)
Start importing Assets/plane.mat using Guid(9345a66ddfa2b0043a4d4912742839d6) Importer(815301076,1909f56bfc062723c751e8b465ee728b)  -> (artifact id: '725324c09a720291680a9099dada45b5') in 0.130406 seconds
  Import took 0.133042 seconds .

========================================================================
Received Prepare
Registering precompiled user dll's ...
Registered in 0.001127 seconds.
Begin MonoManager ReloadAssembly
Native extension for WindowsStandalone target not found
Native extension for WebGL target not found
Refreshing native plugins compatible for Editor in 0.36 ms, found 0 plugins.
Preloading 0 native plugins for Editor in 0.00 ms.
Mono: successfully reloaded assembly
- Completed reload, in  0.913 seconds
Platform modules already initialized, skipping
Refreshing native plugins compatible for Editor in 0.51 ms, found 0 plugins.
Preloading 0 native plugins for Editor in 0.00 ms.
Unloading 1317 Unused Serialized files (Serialized files now loaded: 0)
System memory in use before: 144.1 MB.
System memory in use after: 144.2 MB.

Unloading 5 unused Assets to reduce memory usage. Loaded Objects now: 1861.
Total: 2.091500 ms (FindLiveObjects: 0.267000 ms CreateObjectMapping: 0.041800 ms MarkObjects: 1.709300 ms  DeleteObjects: 0.072000 ms)

========================================================================
Received Import Request.
  Time since last request: 79.366034 seconds.
  path: Assets/Prop.cs
  artifactKey: Guid(cb95649ff46cb2e4493c4d9aae5c05ed) Importer(815301076,1909f56bfc062723c751e8b465ee728b)
Start importing Assets/Prop.cs using Guid(cb95649ff46cb2e4493c4d9aae5c05ed) Importer(815301076,1909f56bfc062723c751e8b465ee728b)  -> (artifact id: '38d8cd601aeb0865d895db094ab5017d') in 0.021094 seconds
  Import took 0.024002 seconds .

========================================================================
Received Prepare
Registering precompiled user dll's ...
Registered in 0.001072 seconds.
Begin MonoManager ReloadAssembly
Native extension for WindowsStandalone target not found
Native extension for WebGL target not found
Refreshing native plugins compatible for Editor in 0.31 ms, found 0 plugins.
Preloading 0 native plugins for Editor in 0.00 ms.
Mono: successfully reloaded assembly
- Completed reload, in  0.882 seconds
Platform modules already initialized, skipping
Refreshing native plugins compatible for Editor in 0.31 ms, found 0 plugins.
Preloading 0 native plugins for Editor in 0.00 ms.
Unloading 1317 Unused Serialized files (Serialized files now loaded: 0)
System memory in use before: 144.2 MB.
System memory in use after: 144.2 MB.

Unloading 5 unused Assets to reduce memory usage. Loaded Objects now: 1864.
Total: 1.746900 ms (FindLiveObjects: 0.171800 ms CreateObjectMapping: 0.037600 ms MarkObjects: 1.470500 ms  DeleteObjects: 0.066200 ms)

========================================================================
Received Import Request.
  Time since last request: 329.295830 seconds.
  path: Assets/Prop.cs
  artifactKey: Guid(cb95649ff46cb2e4493c4d9aae5c05ed) Importer(815301076,1909f56bfc062723c751e8b465ee728b)
Start importing Assets/Prop.cs using Guid(cb95649ff46cb2e4493c4d9aae5c05ed) Importer(815301076,1909f56bfc062723c751e8b465ee728b)  -> (artifact id: 'b49f53abf8b89b027bea175dcd5792a5') in 0.010403 seconds
  Import took 0.013020 seconds .

========================================================================
Received Import Request.
  Time since last request: 138.883710 seconds.
  path: Assets/EffectExamples/Fire & Explosion Effects/Materials/SmokeDark.mat
  artifactKey: Guid(698a8134f4ebbbd4e848648685f68067) Importer(815301076,1909f56bfc062723c751e8b465ee728b)
Start importing Assets/EffectExamples/Fire & Explosion Effects/Materials/SmokeDark.mat using Guid(698a8134f4ebbbd4e848648685f68067) Importer(815301076,1909f56bfc062723c751e8b465ee728b)  -> (artifact id: 'e4eb5131fcf48861155a4084a50fc851') in 1.540296 seconds
  Import took 1.542938 seconds .

========================================================================
Received Import Request.
  Time since last request: 81.588283 seconds.
  path: Assets/SmallExplosion.prefab
  artifactKey: Guid(9f507bbe0b418064b936eed2e1153ac6) Importer(815301076,1909f56bfc062723c751e8b465ee728b)
Start importing Assets/SmallExplosion.prefab using Guid(9f507bbe0b418064b936eed2e1153ac6) Importer(815301076,1909f56bfc062723c751e8b465ee728b)  -> (artifact id: '457794908a19208f6d3a466a8e8bcfb3') in 0.025173 seconds
  Import took 0.028149 seconds .

========================================================================
Received Import Request.
  Time since last request: 0.001826 seconds.
  path: Assets/SmallExplosion.prefab
  artifactKey: Guid(9f507bbe0b418064b936eed2e1153ac6) Importer(815301076,1909f56bfc062723c751e8b465ee728b)
Start importing Assets/SmallExplosion.prefab using Guid(9f507bbe0b418064b936eed2e1153ac6) Importer(815301076,1909f56bfc062723c751e8b465ee728b)  -> (artifact id: '457794908a19208f6d3a466a8e8bcfb3') in 0.005780 seconds
  Import took 0.008703 seconds .

========================================================================
Received Import Request.
  Time since last request: 80.743255 seconds.
  path: Assets/Music/Burn In Space.mp3
  artifactKey: Guid(25ba6ee79ee385942ae8641f0355a85a) Importer(815301076,1909f56bfc062723c751e8b465ee728b)
Start importing Assets/Music/Burn In Space.mp3 using Guid(25ba6ee79ee385942ae8641f0355a85a) Importer(815301076,1909f56bfc062723c751e8b465ee728b)  -> (artifact id: 'a9faf749a00a96755bb892d50cb70d1c') in 0.090014 seconds
  Import took 0.093317 seconds .

========================================================================
Received Import Request.
  Time since last request: 0.000240 seconds.
  path: Assets/Music/Jump to win.mp3
  artifactKey: Guid(a58a1eadd235504419eeeba77034b0d6) Importer(815301076,1909f56bfc062723c751e8b465ee728b)
Start importing Assets/Music/Jump to win.mp3 using Guid(a58a1eadd235504419eeeba77034b0d6) Importer(815301076,1909f56bfc062723c751e8b465ee728b)  -> (artifact id: '4f013b4232cfa62152eed852e6ae9d55') in 0.024766 seconds
  Import took 0.027583 seconds .

========================================================================
Received Import Request.
  Time since last request: 0.000236 seconds.
  path: Assets/Music/NEON.mp3
  artifactKey: Guid(22dec0f60e4c7f945bdb3b8720d89a76) Importer(815301076,1909f56bfc062723c751e8b465ee728b)
Start importing Assets/Music/NEON.mp3 using Guid(22dec0f60e4c7f945bdb3b8720d89a76) Importer(815301076,1909f56bfc062723c751e8b465ee728b)  -> (artifact id: 'ec8e7d5083a679b568d9f81c741821aa') in 0.022731 seconds
  Import took 0.025920 seconds .

========================================================================
Received Import Request.
  Time since last request: 0.000278 seconds.
  path: Assets/Music/Your personal heaven.mp3
  artifactKey: Guid(119c0f14654addb4083e32de4025a82b) Importer(815301076,1909f56bfc062723c751e8b465ee728b)
Start importing Assets/Music/Your personal heaven.mp3 using Guid(119c0f14654addb4083e32de4025a82b) Importer(815301076,1909f56bfc062723c751e8b465ee728b)  -> (artifact id: 'ddff3ed7a243b1c385f682cadedd7c64') in 0.021449 seconds
  Import took 0.024197 seconds .

========================================================================
Received Import Request.
  Time since last request: 0.000243 seconds.
  path: Assets/Music/Laser Millenium.mp3
  artifactKey: Guid(5e4f5c624558a9543afeda42cbd9c4d0) Importer(815301076,1909f56bfc062723c751e8b465ee728b)
Start importing Assets/Music/Laser Millenium.mp3 using Guid(5e4f5c624558a9543afeda42cbd9c4d0) Importer(815301076,1909f56bfc062723c751e8b465ee728b)  -> (artifact id: '6f4b935c7450c83acc934800f88b9d2d') in 0.022235 seconds
  Import took 0.024767 seconds .

========================================================================
Received Import Request.
  Time since last request: 0.000237 seconds.
  path: Assets/Music/Fractal.mp3
  artifactKey: Guid(fcec7648eb6f34447813ff2e201e9baf) Importer(815301076,1909f56bfc062723c751e8b465ee728b)
Start importing Assets/Music/Fractal.mp3 using Guid(fcec7648eb6f34447813ff2e201e9baf) Importer(815301076,1909f56bfc062723c751e8b465ee728b)  -> (artifact id: '7255c7e0162f3b93a02a5b6b78d68fcf') in 0.023803 seconds
  Import took 0.026669 seconds .

========================================================================
Received Import Request.
  Time since last request: 0.000215 seconds.
  path: Assets/Music/Miami Soul.mp3
  artifactKey: Guid(f5338092cdc9cca4b92488aaa2c7e263) Importer(815301076,1909f56bfc062723c751e8b465ee728b)
Start importing Assets/Music/Miami Soul.mp3 using Guid(f5338092cdc9cca4b92488aaa2c7e263) Importer(815301076,1909f56bfc062723c751e8b465ee728b)  -> (artifact id: 'edbcb4e608265b4f5d2d14ae69fa9d10') in 0.030521 seconds
  Import took 0.033510 seconds .

========================================================================
Received Import Request.
  Time since last request: 0.000230 seconds.
  path: Assets/Music/Twilight.mp3
  artifactKey: Guid(2df6d588f3198a542b570054fc4a7b96) Importer(815301076,1909f56bfc062723c751e8b465ee728b)
Start importing Assets/Music/Twilight.mp3 using Guid(2df6d588f3198a542b570054fc4a7b96) Importer(815301076,1909f56bfc062723c751e8b465ee728b)  -> (artifact id: '38485b2d40ee13c06da7019aa1ffd90d') in 0.024158 seconds
  Import took 0.026972 seconds .

========================================================================
Received Import Request.
  Time since last request: 0.000185 seconds.
  path: Assets/Music/Nightwind.mp3
  artifactKey: Guid(d41caae7a3746d8429f097e6631fdd7f) Importer(815301076,1909f56bfc062723c751e8b465ee728b)
Start importing Assets/Music/Nightwind.mp3 using Guid(d41caae7a3746d8429f097e6631fdd7f) Importer(815301076,1909f56bfc062723c751e8b465ee728b)  -> (artifact id: '07e98e59dc33af28412f823f3dbaaa93') in 0.024937 seconds
  Import took 0.027406 seconds .

========================================================================
Received Import Request.
  Time since last request: 0.000247 seconds.
  path: Assets/Music/Destractor.mp3
  artifactKey: Guid(7375cf4d81cd33b4ba836691e64303dd) Importer(815301076,1909f56bfc062723c751e8b465ee728b)
Start importing Assets/Music/Destractor.mp3 using Guid(7375cf4d81cd33b4ba836691e64303dd) Importer(815301076,1909f56bfc062723c751e8b465ee728b)  -> (artifact id: '306aa1b5c2f5e9c999a0645bbca424a9') in 0.021361 seconds
  Import took 0.023955 seconds .

========================================================================
Received Import Request.
  Time since last request: 0.000271 seconds.
  path: Assets/Music/Rise.mp3
  artifactKey: Guid(7d0857f75a79b764d823961d7b94a0e5) Importer(815301076,1909f56bfc062723c751e8b465ee728b)
Start importing Assets/Music/Rise.mp3 using Guid(7d0857f75a79b764d823961d7b94a0e5) Importer(815301076,1909f56bfc062723c751e8b465ee728b)  -> (artifact id: 'd63ae629dbbd73910e2b97d0f9ec4367') in 0.022526 seconds
  Import took 0.025513 seconds .

========================================================================
Received Import Request.
  Time since last request: 0.000274 seconds.
  path: Assets/Music/Stars.mp3
  artifactKey: Guid(75dbf558ab61cb346a59757de1338b45) Importer(815301076,1909f56bfc062723c751e8b465ee728b)
Start importing Assets/Music/Stars.mp3 using Guid(75dbf558ab61cb346a59757de1338b45) Importer(815301076,1909f56bfc062723c751e8b465ee728b)  -> (artifact id: 'b19712c72e2ca14d8f09b65d71f50ee1') in 0.022891 seconds
  Import took 0.025679 seconds .

========================================================================
Received Import Request.
  Time since last request: 0.000217 seconds.
  path: Assets/Music/Heart open.mp3
  artifactKey: Guid(3d3a8bcc680b1f54bbdca4b847256937) Importer(815301076,1909f56bfc062723c751e8b465ee728b)
Start importing Assets/Music/Heart open.mp3 using Guid(3d3a8bcc680b1f54bbdca4b847256937) Importer(815301076,1909f56bfc062723c751e8b465ee728b)  -> (artifact id: '338c76c8c675ecf1bb824e56f8b91e71') in 0.022974 seconds
  Import took 0.025610 seconds .

========================================================================
Received Import Request.
  Time since last request: 0.000429 seconds.
  path: Assets/Music/System Shock.mp3
  artifactKey: Guid(0db668f1731410340945940f0315ddda) Importer(815301076,1909f56bfc062723c751e8b465ee728b)
Start importing Assets/Music/System Shock.mp3 using Guid(0db668f1731410340945940f0315ddda) Importer(815301076,1909f56bfc062723c751e8b465ee728b)  -> (artifact id: '00f7db7628ddd3ccb789b1db68674fcf') in 0.021475 seconds
  Import took 0.024134 seconds .

========================================================================
Received Import Request.
  Time since last request: 0.000225 seconds.
  path: Assets/Music/Frozy.mp3
  artifactKey: Guid(2db2d401fdfeb9b47b012eafce3ccedb) Importer(815301076,1909f56bfc062723c751e8b465ee728b)
Start importing Assets/Music/Frozy.mp3 using Guid(2db2d401fdfeb9b47b012eafce3ccedb) Importer(815301076,1909f56bfc062723c751e8b465ee728b)  -> (artifact id: '796120075771b7ca77b529db1519a010') in 0.021107 seconds
  Import took 0.023820 seconds .

========================================================================
Received Import Request.
  Time since last request: 0.000284 seconds.
  path: Assets/Music/Warrior Song.mp3
  artifactKey: Guid(948a01972ef1b2843ba616d66e0631c6) Importer(815301076,1909f56bfc062723c751e8b465ee728b)
Start importing Assets/Music/Warrior Song.mp3 using Guid(948a01972ef1b2843ba616d66e0631c6) Importer(815301076,1909f56bfc062723c751e8b465ee728b)  -> (artifact id: '8c5e3e151000a32fae55578ac814efe7') in 0.021955 seconds
  Import took 0.025311 seconds .

========================================================================
Received Import Request.
  Time since last request: 0.000227 seconds.
  path: Assets/Music/Cyberspace Hunters.mp3
  artifactKey: Guid(7af7990ea64ba5b42ad338256dcabc6d) Importer(815301076,1909f56bfc062723c751e8b465ee728b)
Start importing Assets/Music/Cyberspace Hunters.mp3 using Guid(7af7990ea64ba5b42ad338256dcabc6d) Importer(815301076,1909f56bfc062723c751e8b465ee728b)  -> (artifact id: '2e32e7f087b76488d670d231196f030f') in 0.022149 seconds
  Import took 0.025288 seconds .

========================================================================
Received Import Request.
  Time since last request: 0.000249 seconds.
  path: Assets/Music/Disco Century.mp3
  artifactKey: Guid(f991c4674a420954eb79018620f8a756) Importer(815301076,1909f56bfc062723c751e8b465ee728b)
Start importing Assets/Music/Disco Century.mp3 using Guid(f991c4674a420954eb79018620f8a756) Importer(815301076,1909f56bfc062723c751e8b465ee728b)  -> (artifact id: 'ba234e6f656e65eca68be334f7ecff1d') in 0.021267 seconds
  Import took 0.023814 seconds .

========================================================================
Received Import Request.
  Time since last request: 3.651461 seconds.
  path: Assets/prefabs/Ball.prefab
  artifactKey: Guid(f88e3473b26b71a4f888ec0a08843a96) Importer(815301076,1909f56bfc062723c751e8b465ee728b)
Start importing Assets/prefabs/Ball.prefab using Guid(f88e3473b26b71a4f888ec0a08843a96) Importer(815301076,1909f56bfc062723c751e8b465ee728b)  -> (artifact id: '74f9a745254cebe93beb96ef6bf7ef31') in 0.026284 seconds
  Import took 0.029669 seconds .

========================================================================
Received Import Request.
  Time since last request: 21.316223 seconds.
  path: Assets/8-Bit Sfx/Mp3/Climb_Rope_Loop_00.mp3
  artifactKey: Guid(1c24b92110c3d404a8d9a6fdbd275772) Importer(815301076,1909f56bfc062723c751e8b465ee728b)
Start importing Assets/8-Bit Sfx/Mp3/Climb_Rope_Loop_00.mp3 using Guid(1c24b92110c3d404a8d9a6fdbd275772) Importer(815301076,1909f56bfc062723c751e8b465ee728b)  -> (artifact id: '86ea95acc7b34a578c4715153ef3d7ef') in 0.019844 seconds
  Import took 0.022729 seconds .

========================================================================
Received Import Request.
  Time since last request: 0.000250 seconds.
  path: Assets/8-Bit Sfx/Mp3/Explosion_01.mp3
  artifactKey: Guid(b47b48a76950e41edbf228b853955b07) Importer(815301076,1909f56bfc062723c751e8b465ee728b)
Start importing Assets/8-Bit Sfx/Mp3/Explosion_01.mp3 using Guid(b47b48a76950e41edbf228b853955b07) Importer(815301076,1909f56bfc062723c751e8b465ee728b)  -> (artifact id: 'b6ec8c957f795bc193b0a81181ac74f4') in 0.022085 seconds
  Import took 0.024604 seconds .

========================================================================
Received Import Request.
  Time since last request: 0.000329 seconds.
  path: Assets/8-Bit Sfx/Mp3/Craft_00.mp3
  artifactKey: Guid(3b9ec8e362eec47378dc741fd78a9555) Importer(815301076,1909f56bfc062723c751e8b465ee728b)
Start importing Assets/8-Bit Sfx/Mp3/Craft_00.mp3 using Guid(3b9ec8e362eec47378dc741fd78a9555) Importer(815301076,1909f56bfc062723c751e8b465ee728b)  -> (artifact id: '812215cd173eb95f93df91833939b86b') in 0.021612 seconds
  Import took 0.024579 seconds .

========================================================================
Received Import Request.
  Time since last request: 0.000270 seconds.
  path: Assets/8-Bit Sfx/Mp3/Hit_00.mp3
  artifactKey: Guid(e2a915bbc58734650bd17de4e87a001c) Importer(815301076,1909f56bfc062723c751e8b465ee728b)
Start importing Assets/8-Bit Sfx/Mp3/Hit_00.mp3 using Guid(e2a915bbc58734650bd17de4e87a001c) Importer(815301076,1909f56bfc062723c751e8b465ee728b)  -> (artifact id: '54acdcd58932e0661f32b6b2dab7bf71') in 0.019892 seconds
  Import took 0.022844 seconds .

========================================================================
Received Import Request.
  Time since last request: 0.000334 seconds.
  path: Assets/8-Bit Sfx/Mp3/Hero_Death_00.mp3
  artifactKey: Guid(4668d9fcf8d264f3693f23878a14042b) Importer(815301076,1909f56bfc062723c751e8b465ee728b)
Start importing Assets/8-Bit Sfx/Mp3/Hero_Death_00.mp3 using Guid(4668d9fcf8d264f3693f23878a14042b) Importer(815301076,1909f56bfc062723c751e8b465ee728b)  -> (artifact id: '6f2a01449f39708e575a6b93690efd6f') in 0.021992 seconds
  Import took 0.024783 seconds .

========================================================================
Received Import Request.
  Time since last request: 0.000243 seconds.
  path: Assets/8-Bit Sfx/Mp3/Explosion_02.mp3
  artifactKey: Guid(9ab7ac9f6e729457d8a8dfa89151ee30) Importer(815301076,1909f56bfc062723c751e8b465ee728b)
Start importing Assets/8-Bit Sfx/Mp3/Explosion_02.mp3 using Guid(9ab7ac9f6e729457d8a8dfa89151ee30) Importer(815301076,1909f56bfc062723c751e8b465ee728b)  -> (artifact id: '929facef648e68f14f03706137de6713') in 0.024710 seconds
  Import took 0.027368 seconds .

========================================================================
Received Import Request.
  Time since last request: 0.000208 seconds.
  path: Assets/8-Bit Sfx/Mp3/Explosion_04.mp3
  artifactKey: Guid(4aa05c7ef779a4524b634cd0e1ca505f) Importer(815301076,1909f56bfc062723c751e8b465ee728b)
Start importing Assets/8-Bit Sfx/Mp3/Explosion_04.mp3 using Guid(4aa05c7ef779a4524b634cd0e1ca505f) Importer(815301076,1909f56bfc062723c751e8b465ee728b)  -> (artifact id: 'f3390dd79432aa68ef454c00178d0197') in 0.021947 seconds
  Import took 0.024448 seconds .

========================================================================
Received Import Request.
  Time since last request: 0.000206 seconds.
  path: Assets/8-Bit Sfx/Mp3/Collect_Point_00.mp3
  artifactKey: Guid(f571fd369d8d143ff85ba68229363559) Importer(815301076,1909f56bfc062723c751e8b465ee728b)
Start importing Assets/8-Bit Sfx/Mp3/Collect_Point_00.mp3 using Guid(f571fd369d8d143ff85ba68229363559) Importer(815301076,1909f56bfc062723c751e8b465ee728b)  -> (artifact id: 'e944cd32ec53c79a9f52576071c6376f') in 0.024136 seconds
  Import took 0.027143 seconds .

========================================================================
Received Import Request.
  Time since last request: 0.000260 seconds.
  path: Assets/8-Bit Sfx/Mp3/Collect_Point_01.mp3
  artifactKey: Guid(9fe330231cc2d4a01aa086aba00b09fd) Importer(815301076,1909f56bfc062723c751e8b465ee728b)
Start importing Assets/8-Bit Sfx/Mp3/Collect_Point_01.mp3 using Guid(9fe330231cc2d4a01aa086aba00b09fd) Importer(815301076,1909f56bfc062723c751e8b465ee728b)  -> (artifact id: '99a9358cef7108d492fa59bb7fd47993') in 0.020662 seconds
  Import took 0.023505 seconds .

========================================================================
Received Import Request.
  Time since last request: 0.000295 seconds.
  path: Assets/8-Bit Sfx/Mp3/Explosion_03.mp3
  artifactKey: Guid(6e0f953c84c654df598106bc1cfa2275) Importer(815301076,1909f56bfc062723c751e8b465ee728b)
Start importing Assets/8-Bit Sfx/Mp3/Explosion_03.mp3 using Guid(6e0f953c84c654df598106bc1cfa2275) Importer(815301076,1909f56bfc062723c751e8b465ee728b)  -> (artifact id: '7dc9f10703d5164b7cfadba78cde1c34') in 0.022888 seconds
  Import took 0.026435 seconds .

========================================================================
Received Import Request.
  Time since last request: 0.000298 seconds.
  path: Assets/8-Bit Sfx/Mp3/Jingle_Achievement_00.mp3
  artifactKey: Guid(0a9177415caff4fc8ace0cae0ae19b20) Importer(815301076,1909f56bfc062723c751e8b465ee728b)
Start importing Assets/8-Bit Sfx/Mp3/Jingle_Achievement_00.mp3 using Guid(0a9177415caff4fc8ace0cae0ae19b20) Importer(815301076,1909f56bfc062723c751e8b465ee728b)  -> (artifact id: '42010dc1bbaa5ac0616dd72be3dff9fc') in 0.021830 seconds
  Import took 0.024692 seconds .

========================================================================
Received Import Request.
  Time since last request: 0.000273 seconds.
  path: Assets/8-Bit Sfx/Mp3/Jingle_Lose_00.mp3
  artifactKey: Guid(adcbbbae313cb40978e30faf82938987) Importer(815301076,1909f56bfc062723c751e8b465ee728b)
Start importing Assets/8-Bit Sfx/Mp3/Jingle_Lose_00.mp3 using Guid(adcbbbae313cb40978e30faf82938987) Importer(815301076,1909f56bfc062723c751e8b465ee728b)  -> (artifact id: '678f1252e3d206811f9a71d1ec85d611') in 0.023509 seconds
  Import took 0.026260 seconds .

========================================================================
Received Import Request.
  Time since last request: 0.000281 seconds.
  path: Assets/8-Bit Sfx/Mp3/Collect_Point_02.mp3
  artifactKey: Guid(0e566fddd2b7f4a3b9a3fc65ced50eda) Importer(815301076,1909f56bfc062723c751e8b465ee728b)
Start importing Assets/8-Bit Sfx/Mp3/Collect_Point_02.mp3 using Guid(0e566fddd2b7f4a3b9a3fc65ced50eda) Importer(815301076,1909f56bfc062723c751e8b465ee728b)  -> (artifact id: '559f79de5d8d0597d9e4b75ca058e17a') in 0.023383 seconds
  Import took 0.026284 seconds .

========================================================================
Received Import Request.
  Time since last request: 0.000251 seconds.
  path: Assets/8-Bit Sfx/Mp3/Climb_Rope_Loop_00.mp3
  artifactKey: Guid(1c24b92110c3d404a8d9a6fdbd275772) Importer(815301076,1909f56bfc062723c751e8b465ee728b)
Start importing Assets/8-Bit Sfx/Mp3/Climb_Rope_Loop_00.mp3 using Guid(1c24b92110c3d404a8d9a6fdbd275772) Importer(815301076,1909f56bfc062723c751e8b465ee728b)  -> (artifact id: '86ea95acc7b34a578c4715153ef3d7ef') in 0.009313 seconds
  Import took 0.012372 seconds .

========================================================================
Received Import Request.
  Time since last request: 0.000313 seconds.
  path: Assets/8-Bit Sfx/Mp3/Hit_02.mp3
  artifactKey: Guid(2876e7fa4419a4a7096b8bb38641daa3) Importer(815301076,1909f56bfc062723c751e8b465ee728b)
Start importing Assets/8-Bit Sfx/Mp3/Hit_02.mp3 using Guid(2876e7fa4419a4a7096b8bb38641daa3) Importer(815301076,1909f56bfc062723c751e8b465ee728b)  -> (artifact id: '9854b37769266d06f2eddb656f16d220') in 0.022451 seconds
  Import took 0.025496 seconds .

========================================================================
Received Import Request.
  Time since last request: 0.000259 seconds.
  path: Assets/8-Bit Sfx/Mp3/Explosion_00.mp3
  artifactKey: Guid(066d4f15549a6480eaea224b69a1c85f) Importer(815301076,1909f56bfc062723c751e8b465ee728b)
Start importing Assets/8-Bit Sfx/Mp3/Explosion_00.mp3 using Guid(066d4f15549a6480eaea224b69a1c85f) Importer(815301076,1909f56bfc062723c751e8b465ee728b)  -> (artifact id: 'ce663bec69786674b9bf205b86fe9a9d') in 0.015066 seconds
  Import took 0.018015 seconds .

========================================================================
Received Import Request.
  Time since last request: 0.000225 seconds.
  path: Assets/8-Bit Sfx/Mp3/Hit_01.mp3
  artifactKey: Guid(34b722ffc09ef4831a89b6502cd42f7e) Importer(815301076,1909f56bfc062723c751e8b465ee728b)
Start importing Assets/8-Bit Sfx/Mp3/Hit_01.mp3 using Guid(34b722ffc09ef4831a89b6502cd42f7e) Importer(815301076,1909f56bfc062723c751e8b465ee728b)  -> (artifact id: '9af51f8fb95c86438e13452f315889a1') in 0.023736 seconds
  Import took 0.026472 seconds .

========================================================================
Received Import Request.
  Time since last request: 0.000298 seconds.
  path: Assets/8-Bit Sfx/Mp3/Hit_03.mp3
  artifactKey: Guid(58ccec2859d7544f5880b3202cc15dc1) Importer(815301076,1909f56bfc062723c751e8b465ee728b)
Start importing Assets/8-Bit Sfx/Mp3/Hit_03.mp3 using Guid(58ccec2859d7544f5880b3202cc15dc1) Importer(815301076,1909f56bfc062723c751e8b465ee728b)  -> (artifact id: 'e2321835ad7d8a77992844c9553eafff') in 0.021649 seconds
  Import took 0.024632 seconds .

========================================================================
Received Import Request.
  Time since last request: 0.000212 seconds.
  path: Assets/8-Bit Sfx/Mp3/Jingle_Lose_01.mp3
  artifactKey: Guid(689a3f3f81d7a46b68b17c917a86bdc1) Importer(815301076,1909f56bfc062723c751e8b465ee728b)
Start importing Assets/8-Bit Sfx/Mp3/Jingle_Lose_01.mp3 using Guid(689a3f3f81d7a46b68b17c917a86bdc1) Importer(815301076,1909f56bfc062723c751e8b465ee728b)  -> (artifact id: '8d94138b3fc3b4c110e6742eb983b3d1') in 0.022777 seconds
  Import took 0.025515 seconds .

========================================================================
Received Import Request.
  Time since last request: 0.000283 seconds.
  path: Assets/8-Bit Sfx/Mp3/Jingle_Achievement_01.mp3
  artifactKey: Guid(bf7c660e4b34144d1a60a5063a3b1f4a) Importer(815301076,1909f56bfc062723c751e8b465ee728b)
Start importing Assets/8-Bit Sfx/Mp3/Jingle_Achievement_01.mp3 using Guid(bf7c660e4b34144d1a60a5063a3b1f4a) Importer(815301076,1909f56bfc062723c751e8b465ee728b)  -> (artifact id: '0bf048b4628d47bc8283e00005ca0807') in 0.022661 seconds
  Import took 0.025862 seconds .

========================================================================
Received Import Request.
  Time since last request: 144.084666 seconds.
  path: Assets/Small Prop.prefab
  artifactKey: Guid(47747d65deadafe48ab0247b679261c2) Importer(815301076,1909f56bfc062723c751e8b465ee728b)
Start importing Assets/Small Prop.prefab using Guid(47747d65deadafe48ab0247b679261c2) Importer(815301076,1909f56bfc062723c751e8b465ee728b)  -> (artifact id: '6e8c0d592bc6c303a1c3485ab0f09acd') in 0.033579 seconds
  Import took 0.036491 seconds .

========================================================================
Received Import Request.
  Time since last request: 0.003828 seconds.
  path: Assets/Small Prop.prefab
  artifactKey: Guid(47747d65deadafe48ab0247b679261c2) Importer(815301076,1909f56bfc062723c751e8b465ee728b)
Start importing Assets/Small Prop.prefab using Guid(47747d65deadafe48ab0247b679261c2) Importer(815301076,1909f56bfc062723c751e8b465ee728b)  -> (artifact id: '6e8c0d592bc6c303a1c3485ab0f09acd') in 0.011144 seconds
  Import took 0.014462 seconds .

========================================================================
Received Import Request.
  Time since last request: 145.841793 seconds.
  path: ProjectSettings/TagManager.asset
  artifactKey: Guid(00000000000000003000000000000000) Importer(815301076,1909f56bfc062723c751e8b465ee728b)
Start importing ProjectSettings/TagManager.asset using Guid(00000000000000003000000000000000) Importer(815301076,1909f56bfc062723c751e8b465ee728b)  -> (artifact id: 'ec82d8da82bcd9474d6262409787e2ca') in 0.012284 seconds
  Import took 0.015621 seconds .

========================================================================
Received Prepare
Registering precompiled user dll's ...
Registered in 0.001398 seconds.
Begin MonoManager ReloadAssembly
Native extension for WindowsStandalone target not found
Native extension for WebGL target not found
Refreshing native plugins compatible for Editor in 0.32 ms, found 0 plugins.
Preloading 0 native plugins for Editor in 0.00 ms.
Mono: successfully reloaded assembly
- Completed reload, in  0.940 seconds
Platform modules already initialized, skipping
Refreshing native plugins compatible for Editor in 0.36 ms, found 0 plugins.
Preloading 0 native plugins for Editor in 0.00 ms.
Unloading 1317 Unused Serialized files (Serialized files now loaded: 0)
System memory in use before: 144.3 MB.
System memory in use after: 144.4 MB.

Unloading 7 unused Assets to reduce memory usage. Loaded Objects now: 1872.
Total: 1.970200 ms (FindLiveObjects: 0.165800 ms CreateObjectMapping: 0.034000 ms MarkObjects: 1.681800 ms  DeleteObjects: 0.087400 ms)

========================================================================
Received Import Request.
  Time since last request: 46.901710 seconds.
  path: Assets/Ball.cs
  artifactKey: Guid(a311c5adf7e00d3428ff170d24c91ef8) Importer(815301076,1909f56bfc062723c751e8b465ee728b)
Start importing Assets/Ball.cs using Guid(a311c5adf7e00d3428ff170d24c91ef8) Importer(815301076,1909f56bfc062723c751e8b465ee728b)  -> (artifact id: 'e5c73adc1b978c77da612a010847db20') in 0.007275 seconds
  Import took 0.010217 seconds .

========================================================================
Received Prepare
Registering precompiled user dll's ...
Registered in 0.001188 seconds.
Begin MonoManager ReloadAssembly
Native extension for WindowsStandalone target not found
Native extension for WebGL target not found
Refreshing native plugins compatible for Editor in 0.32 ms, found 0 plugins.
Preloading 0 native plugins for Editor in 0.00 ms.
Mono: successfully reloaded assembly
- Completed reload, in  0.891 seconds
Platform modules already initialized, skipping
Refreshing native plugins compatible for Editor in 0.53 ms, found 0 plugins.
Preloading 0 native plugins for Editor in 0.00 ms.
Unloading 1317 Unused Serialized files (Serialized files now loaded: 0)
System memory in use before: 144.3 MB.
System memory in use after: 144.4 MB.

Unloading 5 unused Assets to reduce memory usage. Loaded Objects now: 1875.
Total: 1.880200 ms (FindLiveObjects: 0.172400 ms CreateObjectMapping: 0.032600 ms MarkObjects: 1.599600 ms  DeleteObjects: 0.074800 ms)

========================================================================
Received Import Request.
  Time since last request: 67.954241 seconds.
  path: Assets/Ball.cs
  artifactKey: Guid(a311c5adf7e00d3428ff170d24c91ef8) Importer(815301076,1909f56bfc062723c751e8b465ee728b)
Start importing Assets/Ball.cs using Guid(a311c5adf7e00d3428ff170d24c91ef8) Importer(815301076,1909f56bfc062723c751e8b465ee728b)  -> (artifact id: '2e9ccafce92a99b617c60fe36f60f8e7') in 0.005828 seconds
  Import took 0.008380 seconds .

========================================================================
Received Import Request.
  Time since last request: 2688.649992 seconds.
  path: Assets/Prop.cs
  artifactKey: Guid(cb95649ff46cb2e4493c4d9aae5c05ed) Importer(815301076,1909f56bfc062723c751e8b465ee728b)
Start importing Assets/Prop.cs using Guid(cb95649ff46cb2e4493c4d9aae5c05ed) Importer(815301076,1909f56bfc062723c751e8b465ee728b)  -> (artifact id: '8f1a0192f3d7332866edfb3256457ddb') in 0.008153 seconds
  Import took 0.010875 seconds .

========================================================================
Received Import Request.
  Time since last request: 0.001407 seconds.
  path: Assets/Prop.cs
  artifactKey: Guid(cb95649ff46cb2e4493c4d9aae5c05ed) Importer(815301076,1909f56bfc062723c751e8b465ee728b)
Start importing Assets/Prop.cs using Guid(cb95649ff46cb2e4493c4d9aae5c05ed) Importer(815301076,1909f56bfc062723c751e8b465ee728b)  -> (artifact id: '8f1a0192f3d7332866edfb3256457ddb') in 0.003528 seconds
  Import took 0.006034 seconds .

========================================================================
Received Prepare
Registering precompiled user dll's ...
Registered in 0.001098 seconds.
Begin MonoManager ReloadAssembly
Native extension for WindowsStandalone target not found
Native extension for WebGL target not found
Refreshing native plugins compatible for Editor in 0.33 ms, found 0 plugins.
Preloading 0 native plugins for Editor in 0.00 ms.
Mono: successfully reloaded assembly
- Completed reload, in  0.888 seconds
Platform modules already initialized, skipping
Refreshing native plugins compatible for Editor in 0.39 ms, found 0 plugins.
Preloading 0 native plugins for Editor in 0.00 ms.
Unloading 1317 Unused Serialized files (Serialized files now loaded: 0)
System memory in use before: 144.3 MB.
System memory in use after: 144.4 MB.

Unloading 5 unused Assets to reduce memory usage. Loaded Objects now: 1878.
Total: 1.995400 ms (FindLiveObjects: 0.193600 ms CreateObjectMapping: 0.034500 ms MarkObjects: 1.636800 ms  DeleteObjects: 0.129300 ms)

========================================================================
Received Prepare
Registering precompiled user dll's ...
Registered in 0.001173 seconds.
Begin MonoManager ReloadAssembly
Native extension for WindowsStandalone target not found
Native extension for WebGL target not found
Refreshing native plugins compatible for Editor in 0.31 ms, found 0 plugins.
Preloading 0 native plugins for Editor in 0.00 ms.
Mono: successfully reloaded assembly
- Completed reload, in  0.865 seconds
Platform modules already initialized, skipping
Refreshing native plugins compatible for Editor in 0.33 ms, found 0 plugins.
Preloading 0 native plugins for Editor in 0.00 ms.
Unloading 1317 Unused Serialized files (Serialized files now loaded: 0)
System memory in use before: 144.3 MB.
System memory in use after: 144.4 MB.

Unloading 5 unused Assets to reduce memory usage. Loaded Objects now: 1881.
Total: 1.863400 ms (FindLiveObjects: 0.175000 ms CreateObjectMapping: 0.035000 ms MarkObjects: 1.577300 ms  DeleteObjects: 0.075200 ms)

========================================================================
Received Prepare
Registering precompiled user dll's ...
Registered in 0.000999 seconds.
Begin MonoManager ReloadAssembly
Native extension for WindowsStandalone target not found
Native extension for WebGL target not found
Refreshing native plugins compatible for Editor in 0.31 ms, found 0 plugins.
Preloading 0 native plugins for Editor in 0.00 ms.
Mono: successfully reloaded assembly
- Completed reload, in  0.865 seconds
Platform modules already initialized, skipping
Refreshing native plugins compatible for Editor in 0.31 ms, found 0 plugins.
Preloading 0 native plugins for Editor in 0.00 ms.
Unloading 1317 Unused Serialized files (Serialized files now loaded: 0)
System memory in use before: 144.3 MB.
System memory in use after: 144.4 MB.

Unloading 5 unused Assets to reduce memory usage. Loaded Objects now: 1884.
Total: 1.857000 ms (FindLiveObjects: 0.211000 ms CreateObjectMapping: 0.035000 ms MarkObjects: 1.538300 ms  DeleteObjects: 0.071000 ms)

========================================================================
Received Prepare
Registering precompiled user dll's ...
Registered in 0.001045 seconds.
Begin MonoManager ReloadAssembly
Native extension for WindowsStandalone target not found
Native extension for WebGL target not found
Refreshing native plugins compatible for Editor in 0.34 ms, found 0 plugins.
Preloading 0 native plugins for Editor in 0.00 ms.
Mono: successfully reloaded assembly
- Completed reload, in  0.884 seconds
Platform modules already initialized, skipping
Refreshing native plugins compatible for Editor in 0.52 ms, found 0 plugins.
Preloading 0 native plugins for Editor in 0.00 ms.
Unloading 1317 Unused Serialized files (Serialized files now loaded: 0)
System memory in use before: 144.4 MB.
System memory in use after: 144.4 MB.

Unloading 5 unused Assets to reduce memory usage. Loaded Objects now: 1887.
Total: 2.592600 ms (FindLiveObjects: 0.249300 ms CreateObjectMapping: 0.043000 ms MarkObjects: 2.211500 ms  DeleteObjects: 0.087300 ms)

========================================================================
Received Prepare
Registering precompiled user dll's ...
Registered in 0.000977 seconds.
Begin MonoManager ReloadAssembly
Native extension for WindowsStandalone target not found
Native extension for WebGL target not found
Refreshing native plugins compatible for Editor in 0.33 ms, found 0 plugins.
Preloading 0 native plugins for Editor in 0.00 ms.
Mono: successfully reloaded assembly
- Completed reload, in  0.872 seconds
Platform modules already initialized, skipping
Refreshing native plugins compatible for Editor in 0.31 ms, found 0 plugins.
Preloading 0 native plugins for Editor in 0.00 ms.
Unloading 1317 Unused Serialized files (Serialized files now loaded: 0)
System memory in use before: 144.4 MB.
System memory in use after: 144.4 MB.

Unloading 5 unused Assets to reduce memory usage. Loaded Objects now: 1890.
Total: 1.894300 ms (FindLiveObjects: 0.222700 ms CreateObjectMapping: 0.034500 ms MarkObjects: 1.555700 ms  DeleteObjects: 0.080100 ms)

========================================================================
Received Prepare
Registering precompiled user dll's ...
Registered in 0.000984 seconds.
Begin MonoManager ReloadAssembly
Native extension for WindowsStandalone target not found
Native extension for WebGL target not found
Refreshing native plugins compatible for Editor in 0.33 ms, found 0 plugins.
Preloading 0 native plugins for Editor in 0.00 ms.
Mono: successfully reloaded assembly
- Completed reload, in  0.856 seconds
Platform modules already initialized, skipping
Refreshing native plugins compatible for Editor in 0.31 ms, found 0 plugins.
Preloading 0 native plugins for Editor in 0.00 ms.
Unloading 1317 Unused Serialized files (Serialized files now loaded: 0)
System memory in use before: 144.4 MB.
System memory in use after: 144.4 MB.

Unloading 5 unused Assets to reduce memory usage. Loaded Objects now: 1893.
Total: 2.314500 ms (FindLiveObjects: 0.211800 ms CreateObjectMapping: 0.043200 ms MarkObjects: 1.972900 ms  DeleteObjects: 0.085200 ms)

========================================================================
Received Prepare
Registering precompiled user dll's ...
Registered in 0.001316 seconds.
Begin MonoManager ReloadAssembly
Native extension for WindowsStandalone target not found
Native extension for WebGL target not found
Refreshing native plugins compatible for Editor in 0.32 ms, found 0 plugins.
Preloading 0 native plugins for Editor in 0.00 ms.
Mono: successfully reloaded assembly
- Completed reload, in  0.899 seconds
Platform modules already initialized, skipping
Refreshing native plugins compatible for Editor in 0.31 ms, found 0 plugins.
Preloading 0 native plugins for Editor in 0.00 ms.
Unloading 1317 Unused Serialized files (Serialized files now loaded: 0)
System memory in use before: 144.4 MB.
System memory in use after: 144.4 MB.

Unloading 5 unused Assets to reduce memory usage. Loaded Objects now: 1896.
Total: 1.779800 ms (FindLiveObjects: 0.180400 ms CreateObjectMapping: 0.034600 ms MarkObjects: 1.493800 ms  DeleteObjects: 0.069700 ms)

========================================================================
Received Prepare
Registering precompiled user dll's ...
Registered in 0.001327 seconds.
Begin MonoManager ReloadAssembly
Native extension for WindowsStandalone target not found
Native extension for WebGL target not found
Refreshing native plugins compatible for Editor in 0.31 ms, found 0 plugins.
Preloading 0 native plugins for Editor in 0.00 ms.
Mono: successfully reloaded assembly
- Completed reload, in  0.883 seconds
Platform modules already initialized, skipping
Refreshing native plugins compatible for Editor in 0.31 ms, found 0 plugins.
Preloading 0 native plugins for Editor in 0.00 ms.
Unloading 1317 Unused Serialized files (Serialized files now loaded: 0)
System memory in use before: 144.4 MB.
System memory in use after: 144.5 MB.

Unloading 5 unused Assets to reduce memory usage. Loaded Objects now: 1899.
Total: 2.151200 ms (FindLiveObjects: 0.201800 ms CreateObjectMapping: 0.053200 ms MarkObjects: 1.809900 ms  DeleteObjects: 0.084800 ms)

========================================================================
Received Prepare
Registering precompiled user dll's ...
Registered in 0.001086 seconds.
Begin MonoManager ReloadAssembly
Native extension for WindowsStandalone target not found
Native extension for WebGL target not found
Refreshing native plugins compatible for Editor in 0.44 ms, found 0 plugins.
Preloading 0 native plugins for Editor in 0.00 ms.
Mono: successfully reloaded assembly
- Completed reload, in  0.890 seconds
Platform modules already initialized, skipping
Refreshing native plugins compatible for Editor in 0.31 ms, found 0 plugins.
Preloading 0 native plugins for Editor in 0.00 ms.
Unloading 1317 Unused Serialized files (Serialized files now loaded: 0)
System memory in use before: 144.4 MB.
System memory in use after: 144.5 MB.

Unloading 5 unused Assets to reduce memory usage. Loaded Objects now: 1902.
Total: 1.856800 ms (FindLiveObjects: 0.216100 ms CreateObjectMapping: 0.035300 ms MarkObjects: 1.526400 ms  DeleteObjects: 0.077000 ms)

========================================================================
Received Prepare
Registering precompiled user dll's ...
Registered in 0.000986 seconds.
Begin MonoManager ReloadAssembly
Native extension for WindowsStandalone target not found
Native extension for WebGL target not found
Refreshing native plugins compatible for Editor in 0.31 ms, found 0 plugins.
Preloading 0 native plugins for Editor in 0.00 ms.
Mono: successfully reloaded assembly
- Completed reload, in  0.870 seconds
Platform modules already initialized, skipping
Refreshing native plugins compatible for Editor in 0.32 ms, found 0 plugins.
Preloading 0 native plugins for Editor in 0.00 ms.
Unloading 1317 Unused Serialized files (Serialized files now loaded: 0)
System memory in use before: 144.4 MB.
System memory in use after: 144.5 MB.

Unloading 5 unused Assets to reduce memory usage. Loaded Objects now: 1905.
Total: 1.909000 ms (FindLiveObjects: 0.174500 ms CreateObjectMapping: 0.034700 ms MarkObjects: 1.616600 ms  DeleteObjects: 0.082100 ms)

========================================================================
Received Prepare
Registering precompiled user dll's ...
Registered in 0.001040 seconds.
Begin MonoManager ReloadAssembly
Native extension for WindowsStandalone target not found
Native extension for WebGL target not found
Refreshing native plugins compatible for Editor in 0.33 ms, found 0 plugins.
Preloading 0 native plugins for Editor in 0.00 ms.
Mono: successfully reloaded assembly
- Completed reload, in  0.867 seconds
Platform modules already initialized, skipping
Refreshing native plugins compatible for Editor in 0.44 ms, found 0 plugins.
Preloading 0 native plugins for Editor in 0.00 ms.
Unloading 1317 Unused Serialized files (Serialized files now loaded: 0)
System memory in use before: 144.4 MB.
System memory in use after: 144.5 MB.

Unloading 5 unused Assets to reduce memory usage. Loaded Objects now: 1908.
Total: 1.787200 ms (FindLiveObjects: 0.169400 ms CreateObjectMapping: 0.035200 ms MarkObjects: 1.510500 ms  DeleteObjects: 0.071100 ms)

========================================================================
Received Prepare
Registering precompiled user dll's ...
Registered in 0.000993 seconds.
Begin MonoManager ReloadAssembly
Native extension for WindowsStandalone target not found
Native extension for WebGL target not found
Refreshing native plugins compatible for Editor in 0.31 ms, found 0 plugins.
Preloading 0 native plugins for Editor in 0.00 ms.
Mono: successfully reloaded assembly
- Completed reload, in  0.890 seconds
Platform modules already initialized, skipping
Refreshing native plugins compatible for Editor in 0.32 ms, found 0 plugins.
Preloading 0 native plugins for Editor in 0.00 ms.
Unloading 1317 Unused Serialized files (Serialized files now loaded: 0)
System memory in use before: 144.4 MB.
System memory in use after: 144.5 MB.

Unloading 5 unused Assets to reduce memory usage. Loaded Objects now: 1911.
Total: 2.028500 ms (FindLiveObjects: 0.237900 ms CreateObjectMapping: 0.042200 ms MarkObjects: 1.651900 ms  DeleteObjects: 0.095200 ms)

========================================================================
Received Prepare
Registering precompiled user dll's ...
Registered in 0.001017 seconds.
Begin MonoManager ReloadAssembly
Native extension for WindowsStandalone target not found
Native extension for WebGL target not found
Refreshing native plugins compatible for Editor in 0.31 ms, found 0 plugins.
Preloading 0 native plugins for Editor in 0.00 ms.
Mono: successfully reloaded assembly
- Completed reload, in  0.893 seconds
Platform modules already initialized, skipping
Refreshing native plugins compatible for Editor in 0.31 ms, found 0 plugins.
Preloading 0 native plugins for Editor in 0.00 ms.
Unloading 1317 Unused Serialized files (Serialized files now loaded: 0)
System memory in use before: 144.4 MB.
System memory in use after: 144.5 MB.

Unloading 5 unused Assets to reduce memory usage. Loaded Objects now: 1914.
Total: 1.799500 ms (FindLiveObjects: 0.189400 ms CreateObjectMapping: 0.033100 ms MarkObjects: 1.503000 ms  DeleteObjects: 0.073100 ms)

========================================================================
Received Prepare
Registering precompiled user dll's ...
Registered in 0.001000 seconds.
Begin MonoManager ReloadAssembly
Native extension for WindowsStandalone target not found
Native extension for WebGL target not found
Refreshing native plugins compatible for Editor in 0.55 ms, found 0 plugins.
Preloading 0 native plugins for Editor in 0.00 ms.
Mono: successfully reloaded assembly
- Completed reload, in  0.886 seconds
Platform modules already initialized, skipping
Refreshing native plugins compatible for Editor in 0.32 ms, found 0 plugins.
Preloading 0 native plugins for Editor in 0.00 ms.
Unloading 1317 Unused Serialized files (Serialized files now loaded: 0)
System memory in use before: 144.4 MB.
System memory in use after: 144.5 MB.

Unloading 5 unused Assets to reduce memory usage. Loaded Objects now: 1917.
Total: 1.761000 ms (FindLiveObjects: 0.171700 ms CreateObjectMapping: 0.034000 ms MarkObjects: 1.483500 ms  DeleteObjects: 0.070600 ms)

========================================================================
Received Prepare
Registering precompiled user dll's ...
Registered in 0.000974 seconds.
Begin MonoManager ReloadAssembly
Native extension for WindowsStandalone target not found
Native extension for WebGL target not found
Refreshing native plugins compatible for Editor in 0.31 ms, found 0 plugins.
Preloading 0 native plugins for Editor in 0.00 ms.
Mono: successfully reloaded assembly
- Completed reload, in  0.884 seconds
Platform modules already initialized, skipping
Refreshing native plugins compatible for Editor in 0.31 ms, found 0 plugins.
Preloading 0 native plugins for Editor in 0.00 ms.
Unloading 1317 Unused Serialized files (Serialized files now loaded: 0)
System memory in use before: 144.4 MB.
System memory in use after: 144.5 MB.

Unloading 5 unused Assets to reduce memory usage. Loaded Objects now: 1920.
Total: 1.837400 ms (FindLiveObjects: 0.215700 ms CreateObjectMapping: 0.035700 ms MarkObjects: 1.485200 ms  DeleteObjects: 0.100000 ms)

========================================================================
Received Prepare
Registering precompiled user dll's ...
Registered in 0.000986 seconds.
Begin MonoManager ReloadAssembly
Native extension for WindowsStandalone target not found
Native extension for WebGL target not found
Refreshing native plugins compatible for Editor in 0.30 ms, found 0 plugins.
Preloading 0 native plugins for Editor in 0.00 ms.
Mono: successfully reloaded assembly
- Completed reload, in  0.883 seconds
Platform modules already initialized, skipping
Refreshing native plugins compatible for Editor in 0.31 ms, found 0 plugins.
Preloading 0 native plugins for Editor in 0.00 ms.
Unloading 1317 Unused Serialized files (Serialized files now loaded: 0)
System memory in use before: 144.5 MB.
System memory in use after: 144.5 MB.

Unloading 5 unused Assets to reduce memory usage. Loaded Objects now: 1923.
Total: 1.985300 ms (FindLiveObjects: 0.200000 ms CreateObjectMapping: 0.038000 ms MarkObjects: 1.653900 ms  DeleteObjects: 0.091900 ms)

========================================================================
Received Prepare
Registering precompiled user dll's ...
Registered in 0.001243 seconds.
Begin MonoManager ReloadAssembly
Native extension for WindowsStandalone target not found
Native extension for WebGL target not found
Refreshing native plugins compatible for Editor in 0.31 ms, found 0 plugins.
Preloading 0 native plugins for Editor in 0.00 ms.
Mono: successfully reloaded assembly
- Completed reload, in  0.910 seconds
Platform modules already initialized, skipping
Refreshing native plugins compatible for Editor in 0.32 ms, found 0 plugins.
Preloading 0 native plugins for Editor in 0.00 ms.
Unloading 1317 Unused Serialized files (Serialized files now loaded: 0)
System memory in use before: 144.5 MB.
System memory in use after: 144.5 MB.

Unloading 5 unused Assets to reduce memory usage. Loaded Objects now: 1926.
Total: 1.934300 ms (FindLiveObjects: 0.197900 ms CreateObjectMapping: 0.032300 ms MarkObjects: 1.626400 ms  DeleteObjects: 0.076600 ms)

========================================================================
Received Import Request.
  Time since last request: 1888.012258 seconds.
  path: Assets/Small Prop.prefab
  artifactKey: Guid(47747d65deadafe48ab0247b679261c2) Importer(815301076,1909f56bfc062723c751e8b465ee728b)
Start importing Assets/Small Prop.prefab using Guid(47747d65deadafe48ab0247b679261c2) Importer(815301076,1909f56bfc062723c751e8b465ee728b)  -> (artifact id: '79550873610712344418aa0da9925ef9') in 0.060169 seconds
  Import took 0.063300 seconds .

========================================================================
Received Import Request.
  Time since last request: 7.809948 seconds.
  path: Assets/Small Prop.prefab
  artifactKey: Guid(47747d65deadafe48ab0247b679261c2) Importer(815301076,1909f56bfc062723c751e8b465ee728b)
Start importing Assets/Small Prop.prefab using Guid(47747d65deadafe48ab0247b679261c2) Importer(815301076,1909f56bfc062723c751e8b465ee728b)  -> (artifact id: '63bdea70c106248d08f718e48ce84e36') in 0.015375 seconds
  Import took 0.018429 seconds .

========================================================================
Received Prepare
Registering precompiled user dll's ...
Registered in 0.001080 seconds.
Begin MonoManager ReloadAssembly
Native extension for WindowsStandalone target not found
Native extension for WebGL target not found
Refreshing native plugins compatible for Editor in 0.31 ms, found 0 plugins.
Preloading 0 native plugins for Editor in 0.00 ms.
Mono: successfully reloaded assembly
- Completed reload, in  0.867 seconds
Platform modules already initialized, skipping
Refreshing native plugins compatible for Editor in 0.31 ms, found 0 plugins.
Preloading 0 native plugins for Editor in 0.00 ms.
Unloading 1317 Unused Serialized files (Serialized files now loaded: 0)
System memory in use before: 144.5 MB.
System memory in use after: 144.6 MB.

Unloading 6 unused Assets to reduce memory usage. Loaded Objects now: 1930.
Total: 1.842400 ms (FindLiveObjects: 0.165800 ms CreateObjectMapping: 0.034500 ms MarkObjects: 1.559100 ms  DeleteObjects: 0.082200 ms)

========================================================================
Received Prepare
Registering precompiled user dll's ...
Registered in 0.001189 seconds.
Begin MonoManager ReloadAssembly
Native extension for WindowsStandalone target not found
Native extension for WebGL target not found
Refreshing native plugins compatible for Editor in 0.32 ms, found 0 plugins.
Preloading 0 native plugins for Editor in 0.00 ms.
Mono: successfully reloaded assembly
- Completed reload, in  0.892 seconds
Platform modules already initialized, skipping
Refreshing native plugins compatible for Editor in 0.31 ms, found 0 plugins.
Preloading 0 native plugins for Editor in 0.00 ms.
Unloading 1317 Unused Serialized files (Serialized files now loaded: 0)
System memory in use before: 144.5 MB.
System memory in use after: 144.6 MB.

Unloading 5 unused Assets to reduce memory usage. Loaded Objects now: 1933.
Total: 1.887800 ms (FindLiveObjects: 0.205500 ms CreateObjectMapping: 0.037900 ms MarkObjects: 1.561100 ms  DeleteObjects: 0.082200 ms)

========================================================================
Received Import Request.
  Time since last request: 76.834494 seconds.
  path: Assets/8-Bit Sfx/Wav/Craft_00.wav
  artifactKey: Guid(780229b7350b84e65a71bd0b1df17e4f) Importer(815301076,1909f56bfc062723c751e8b465ee728b)
Start importing Assets/8-Bit Sfx/Wav/Craft_00.wav using Guid(780229b7350b84e65a71bd0b1df17e4f) Importer(815301076,1909f56bfc062723c751e8b465ee728b)  -> (artifact id: '600465858123f31f38efb91f2ab74f48') in 0.054556 seconds
  Import took 0.057337 seconds .

========================================================================
Received Import Request.
  Time since last request: 0.000192 seconds.
  path: Assets/8-Bit Sfx/Wav/Hit_01.wav
  artifactKey: Guid(6196bc284b80c4c54a21b261031f4830) Importer(815301076,1909f56bfc062723c751e8b465ee728b)
Start importing Assets/8-Bit Sfx/Wav/Hit_01.wav using Guid(6196bc284b80c4c54a21b261031f4830) Importer(815301076,1909f56bfc062723c751e8b465ee728b)  -> (artifact id: '200e2b8cdfcb56e978bf8d7ace486a74') in 0.016868 seconds
  Import took 0.019117 seconds .

========================================================================
Received Import Request.
  Time since last request: 0.000219 seconds.
  path: Assets/8-Bit Sfx/Wav/Explosion_00.wav
  artifactKey: Guid(d4ac7e224c30c4c0793c7a9560009136) Importer(815301076,1909f56bfc062723c751e8b465ee728b)
Start importing Assets/8-Bit Sfx/Wav/Explosion_00.wav using Guid(d4ac7e224c30c4c0793c7a9560009136) Importer(815301076,1909f56bfc062723c751e8b465ee728b)  -> (artifact id: '5212ae81d969e11335dc21abe6e51b3b') in 0.015324 seconds
  Import took 0.017795 seconds .

========================================================================
Received Import Request.
  Time since last request: 0.000198 seconds.
  path: Assets/8-Bit Sfx/Wav/Jingle_Achievement_01.wav
  artifactKey: Guid(19f51af5020a84c41b0f23878df82c44) Importer(815301076,1909f56bfc062723c751e8b465ee728b)
Start importing Assets/8-Bit Sfx/Wav/Jingle_Achievement_01.wav using Guid(19f51af5020a84c41b0f23878df82c44) Importer(815301076,1909f56bfc062723c751e8b465ee728b)  -> (artifact id: '74b7910b45b98fcf9c76cf587b83622b') in 0.019016 seconds
  Import took 0.021442 seconds .

========================================================================
Received Import Request.
  Time since last request: 0.000244 seconds.
  path: Assets/8-Bit Sfx/Wav/Hero_Death_00.wav
  artifactKey: Guid(3df59136337f44def8d005e65dd667be) Importer(815301076,1909f56bfc062723c751e8b465ee728b)
Start importing Assets/8-Bit Sfx/Wav/Hero_Death_00.wav using Guid(3df59136337f44def8d005e65dd667be) Importer(815301076,1909f56bfc062723c751e8b465ee728b)  -> (artifact id: 'e62f49d05258e8ae4aa7f33746a4c7f8') in 0.017724 seconds
  Import took 0.020211 seconds .

========================================================================
Received Import Request.
  Time since last request: 0.000226 seconds.
  path: Assets/8-Bit Sfx/Wav/Hit_03.wav
  artifactKey: Guid(46f921c425e8043f797ad496e6670211) Importer(815301076,1909f56bfc062723c751e8b465ee728b)
Start importing Assets/8-Bit Sfx/Wav/Hit_03.wav using Guid(46f921c425e8043f797ad496e6670211) Importer(815301076,1909f56bfc062723c751e8b465ee728b)  -> (artifact id: '50fde25c12108a1e78535b001ef8170d') in 0.017937 seconds
  Import took 0.020440 seconds .

========================================================================
Received Import Request.
  Time since last request: 0.000249 seconds.
  path: Assets/8-Bit Sfx/Wav/Craft_00.wav
  artifactKey: Guid(780229b7350b84e65a71bd0b1df17e4f) Importer(815301076,1909f56bfc062723c751e8b465ee728b)
Start importing Assets/8-Bit Sfx/Wav/Craft_00.wav using Guid(780229b7350b84e65a71bd0b1df17e4f) Importer(815301076,1909f56bfc062723c751e8b465ee728b)  -> (artifact id: '600465858123f31f38efb91f2ab74f48') in 0.008371 seconds
  Import took 0.010840 seconds .

========================================================================
Received Import Request.
  Time since last request: 0.000187 seconds.
  path: Assets/8-Bit Sfx/Wav/Explosion_02.wav
  artifactKey: Guid(dd24257445cb64f00992d47bd20f086b) Importer(815301076,1909f56bfc062723c751e8b465ee728b)
Start importing Assets/8-Bit Sfx/Wav/Explosion_02.wav using Guid(dd24257445cb64f00992d47bd20f086b) Importer(815301076,1909f56bfc062723c751e8b465ee728b)  -> (artifact id: 'b4ff7c11302f711a54362ddc3f4cbbef') in 0.016465 seconds
  Import took 0.018797 seconds .

========================================================================
Received Import Request.
  Time since last request: 0.000195 seconds.
  path: Assets/8-Bit Sfx/Wav/Hit_02.wav
  artifactKey: Guid(c8677862719e441688678e6632161da9) Importer(815301076,1909f56bfc062723c751e8b465ee728b)
Start importing Assets/8-Bit Sfx/Wav/Hit_02.wav using Guid(c8677862719e441688678e6632161da9) Importer(815301076,1909f56bfc062723c751e8b465ee728b)  -> (artifact id: '7b23f56216e120afbd36ec3f8160ed30') in 0.016278 seconds
  Import took 0.018615 seconds .

========================================================================
Received Import Request.
  Time since last request: 0.000177 seconds.
  path: Assets/8-Bit Sfx/Wav/Hit_00.wav
  artifactKey: Guid(1de1e8a440c7147a8bc721e7e0522d0e) Importer(815301076,1909f56bfc062723c751e8b465ee728b)
Start importing Assets/8-Bit Sfx/Wav/Hit_00.wav using Guid(1de1e8a440c7147a8bc721e7e0522d0e) Importer(815301076,1909f56bfc062723c751e8b465ee728b)  -> (artifact id: '8ad92b49a392c23ecbfdd697ef3bfa19') in 0.017397 seconds
  Import took 0.019589 seconds .

========================================================================
Received Import Request.
  Time since last request: 0.000204 seconds.
  path: Assets/8-Bit Sfx/Wav/Explosion_03.wav
  artifactKey: Guid(9c32617ebf03b4ac3b3f521750435944) Importer(815301076,1909f56bfc062723c751e8b465ee728b)
Start importing Assets/8-Bit Sfx/Wav/Explosion_03.wav using Guid(9c32617ebf03b4ac3b3f521750435944) Importer(815301076,1909f56bfc062723c751e8b465ee728b)  -> (artifact id: '3f95a892334b2b6b9140b672b70b44ec') in 0.013736 seconds
  Import took 0.016300 seconds .

========================================================================
Received Import Request.
  Time since last request: 0.000198 seconds.
  path: Assets/8-Bit Sfx/Wav/Explosion_04.wav
  artifactKey: Guid(190249e9daca446149224d9c98c221db) Importer(815301076,1909f56bfc062723c751e8b465ee728b)
Start importing Assets/8-Bit Sfx/Wav/Explosion_04.wav using Guid(190249e9daca446149224d9c98c221db) Importer(815301076,1909f56bfc062723c751e8b465ee728b)  -> (artifact id: '8d5bbc62b67ae5bd8d3b6e3e8dadfc16') in 0.016872 seconds
  Import took 0.019086 seconds .

========================================================================
Received Import Request.
  Time since last request: 0.000211 seconds.
  path: Assets/8-Bit Sfx/Wav/Jingle_Achievement_00.wav
  artifactKey: Guid(b49baca2ffa6f49b7a10dec55dccc5c9) Importer(815301076,1909f56bfc062723c751e8b465ee728b)
Start importing Assets/8-Bit Sfx/Wav/Jingle_Achievement_00.wav using Guid(b49baca2ffa6f49b7a10dec55dccc5c9) Importer(815301076,1909f56bfc062723c751e8b465ee728b)  -> (artifact id: 'b442eae081fdbf038a239c78511d91ff') in 0.017229 seconds
  Import took 0.019503 seconds .

========================================================================
Received Import Request.
  Time since last request: 0.000184 seconds.
  path: Assets/8-Bit Sfx/Wav/Explosion_01.wav
  artifactKey: Guid(fa1a6aa083e1f406399d860cd61c828c) Importer(815301076,1909f56bfc062723c751e8b465ee728b)
Start importing Assets/8-Bit Sfx/Wav/Explosion_01.wav using Guid(fa1a6aa083e1f406399d860cd61c828c) Importer(815301076,1909f56bfc062723c751e8b465ee728b)  -> (artifact id: '06fcc7277fc832803a88995752de2f2c') in 0.016612 seconds
  Import took 0.018809 seconds .

========================================================================
Received Import Request.
  Time since last request: 122.881997 seconds.
  path: Assets/8-Bit Sfx/Wav/Collect_Point_01.wav
  artifactKey: Guid(49274dd43f2e6411fb6ce33a093a6683) Importer(815301076,1909f56bfc062723c751e8b465ee728b)
Start importing Assets/8-Bit Sfx/Wav/Collect_Point_01.wav using Guid(49274dd43f2e6411fb6ce33a093a6683) Importer(815301076,1909f56bfc062723c751e8b465ee728b)  -> (artifact id: '21d28926d8e92654c8f25631d830c5c6') in 0.025139 seconds
  Import took 0.027819 seconds .

========================================================================
Received Import Request.
  Time since last request: 0.000259 seconds.
  path: Assets/8-Bit Sfx/Wav/Climb_Rope_Loop_00.wav
  artifactKey: Guid(87e8e13b1e7e04b2ba2516453135186d) Importer(815301076,1909f56bfc062723c751e8b465ee728b)
Start importing Assets/8-Bit Sfx/Wav/Climb_Rope_Loop_00.wav using Guid(87e8e13b1e7e04b2ba2516453135186d) Importer(815301076,1909f56bfc062723c751e8b465ee728b)  -> (artifact id: 'f7889cde98ed4b23c31c0d99d7973839') in 0.018681 seconds
  Import took 0.021325 seconds .

========================================================================
Received Import Request.
  Time since last request: 0.000227 seconds.
  path: Assets/8-Bit Sfx/Wav/Collect_Point_00.wav
  artifactKey: Guid(b14c4880ac119453497d1e90423d13e4) Importer(815301076,1909f56bfc062723c751e8b465ee728b)
Start importing Assets/8-Bit Sfx/Wav/Collect_Point_00.wav using Guid(b14c4880ac119453497d1e90423d13e4) Importer(815301076,1909f56bfc062723c751e8b465ee728b)  -> (artifact id: '747ee55db1e4ad0883ab2e864baeb86e') in 0.017368 seconds
  Import took 0.020131 seconds .

========================================================================
Received Import Request.
  Time since last request: 0.000261 seconds.
  path: Assets/8-Bit Sfx/Wav/Collect_Point_02.wav
  artifactKey: Guid(2530d116a22d04c21bfb42999a1d154b) Importer(815301076,1909f56bfc062723c751e8b465ee728b)
Start importing Assets/8-Bit Sfx/Wav/Collect_Point_02.wav using Guid(2530d116a22d04c21bfb42999a1d154b) Importer(815301076,1909f56bfc062723c751e8b465ee728b)  -> (artifact id: '9c07bf0eadbeb361bc76703cb1cc10e0') in 0.019682 seconds
  Import took 0.022170 seconds .

========================================================================
Received Prepare
Registering precompiled user dll's ...
Registered in 0.001071 seconds.
Begin MonoManager ReloadAssembly
Native extension for WindowsStandalone target not found
Native extension for WebGL target not found
Refreshing native plugins compatible for Editor in 0.34 ms, found 0 plugins.
Preloading 0 native plugins for Editor in 0.00 ms.
Mono: successfully reloaded assembly
- Completed reload, in  0.891 seconds
Platform modules already initialized, skipping
Refreshing native plugins compatible for Editor in 0.33 ms, found 0 plugins.
Preloading 0 native plugins for Editor in 0.00 ms.
Unloading 1317 Unused Serialized files (Serialized files now loaded: 0)
System memory in use before: 144.6 MB.
System memory in use after: 144.6 MB.

Unloading 5 unused Assets to reduce memory usage. Loaded Objects now: 1937.
Total: 2.068900 ms (FindLiveObjects: 0.327000 ms CreateObjectMapping: 0.048000 ms MarkObjects: 1.616100 ms  DeleteObjects: 0.077000 ms)

========================================================================
Received Import Request.
  Time since last request: 86.194584 seconds.
  path: Assets/SmallExplosion.prefab
  artifactKey: Guid(9f507bbe0b418064b936eed2e1153ac6) Importer(815301076,1909f56bfc062723c751e8b465ee728b)
Start importing Assets/SmallExplosion.prefab using Guid(9f507bbe0b418064b936eed2e1153ac6) Importer(815301076,1909f56bfc062723c751e8b465ee728b)  -> (artifact id: '0c1e48b582e32a702bb2d8f2c5f61ce9') in 0.028705 seconds
  Import took 0.032284 seconds .

========================================================================
Received Import Request.
  Time since last request: 10.577003 seconds.
  path: Assets/SmallExplosion.prefab
  artifactKey: Guid(9f507bbe0b418064b936eed2e1153ac6) Importer(815301076,1909f56bfc062723c751e8b465ee728b)
Start importing Assets/SmallExplosion.prefab using Guid(9f507bbe0b418064b936eed2e1153ac6) Importer(815301076,1909f56bfc062723c751e8b465ee728b)  -> (artifact id: '6587025f01efd6ecf1c9d299a3a32965') in 0.007834 seconds
  Import took 0.011586 seconds .

========================================================================
Received Import Request.
  Time since last request: 0.012314 seconds.
  path: Assets/SmallExplosion.prefab
  artifactKey: Guid(9f507bbe0b418064b936eed2e1153ac6) Importer(815301076,1909f56bfc062723c751e8b465ee728b)
Start importing Assets/SmallExplosion.prefab using Guid(9f507bbe0b418064b936eed2e1153ac6) Importer(815301076,1909f56bfc062723c751e8b465ee728b)  -> (artifact id: '6587025f01efd6ecf1c9d299a3a32965') in 0.005807 seconds
  Import took 0.008679 seconds .

========================================================================
Received Prepare
Registering precompiled user dll's ...
Registered in 0.001240 seconds.
Begin MonoManager ReloadAssembly
Native extension for WindowsStandalone target not found
Native extension for WebGL target not found
Refreshing native plugins compatible for Editor in 0.32 ms, found 0 plugins.
Preloading 0 native plugins for Editor in 0.00 ms.
Mono: successfully reloaded assembly
- Completed reload, in  0.873 seconds
Platform modules already initialized, skipping
Refreshing native plugins compatible for Editor in 0.34 ms, found 0 plugins.
Preloading 0 native plugins for Editor in 0.00 ms.
Unloading 1317 Unused Serialized files (Serialized files now loaded: 0)
System memory in use before: 144.5 MB.
System memory in use after: 144.6 MB.

Unloading 5 unused Assets to reduce memory usage. Loaded Objects now: 1940.
Total: 1.831300 ms (FindLiveObjects: 0.195800 ms CreateObjectMapping: 0.032900 ms MarkObjects: 1.526400 ms  DeleteObjects: 0.075100 ms)

========================================================================
Received Prepare
Registering precompiled user dll's ...
Registered in 0.001012 seconds.
Begin MonoManager ReloadAssembly
Native extension for WindowsStandalone target not found
Native extension for WebGL target not found
Refreshing native plugins compatible for Editor in 0.32 ms, found 0 plugins.
Preloading 0 native plugins for Editor in 0.00 ms.
Mono: successfully reloaded assembly
- Completed reload, in  0.892 seconds
Platform modules already initialized, skipping
Refreshing native plugins compatible for Editor in 0.31 ms, found 0 plugins.
Preloading 0 native plugins for Editor in 0.00 ms.
Unloading 1317 Unused Serialized files (Serialized files now loaded: 0)
System memory in use before: 144.6 MB.
System memory in use after: 144.6 MB.

Unloading 5 unused Assets to reduce memory usage. Loaded Objects now: 1943.
Total: 2.199500 ms (FindLiveObjects: 0.234900 ms CreateObjectMapping: 0.035500 ms MarkObjects: 1.838300 ms  DeleteObjects: 0.089500 ms)

========================================================================
Received Prepare
Registering precompiled user dll's ...
Registered in 0.001032 seconds.
Begin MonoManager ReloadAssembly
Native extension for WindowsStandalone target not found
Native extension for WebGL target not found
Refreshing native plugins compatible for Editor in 0.31 ms, found 0 plugins.
Preloading 0 native plugins for Editor in 0.00 ms.
Mono: successfully reloaded assembly
- Completed reload, in  0.938 seconds
Platform modules already initialized, skipping
Refreshing native plugins compatible for Editor in 0.34 ms, found 0 plugins.
Preloading 0 native plugins for Editor in 0.00 ms.
Unloading 1317 Unused Serialized files (Serialized files now loaded: 0)
System memory in use before: 144.6 MB.
System memory in use after: 144.6 MB.

Unloading 5 unused Assets to reduce memory usage. Loaded Objects now: 1946.
Total: 1.852700 ms (FindLiveObjects: 0.204200 ms CreateObjectMapping: 0.036800 ms MarkObjects: 1.537300 ms  DeleteObjects: 0.073200 ms)

========================================================================
Received Prepare
Registering precompiled user dll's ...
Registered in 0.001316 seconds.
Begin MonoManager ReloadAssembly
Native extension for WindowsStandalone target not found
Native extension for WebGL target not found
Refreshing native plugins compatible for Editor in 0.31 ms, found 0 plugins.
Preloading 0 native plugins for Editor in 0.00 ms.
Mono: successfully reloaded assembly
- Completed reload, in  0.906 seconds
Platform modules already initialized, skipping
Refreshing native plugins compatible for Editor in 0.31 ms, found 0 plugins.
Preloading 0 native plugins for Editor in 0.00 ms.
Unloading 1317 Unused Serialized files (Serialized files now loaded: 0)
System memory in use before: 144.6 MB.
System memory in use after: 144.6 MB.

Unloading 5 unused Assets to reduce memory usage. Loaded Objects now: 1949.
Total: 1.943400 ms (FindLiveObjects: 0.186300 ms CreateObjectMapping: 0.035800 ms MarkObjects: 1.643900 ms  DeleteObjects: 0.076700 ms)

========================================================================
Received Prepare
Registering precompiled user dll's ...
Registered in 0.001072 seconds.
Begin MonoManager ReloadAssembly
Native extension for WindowsStandalone target not found
Native extension for WebGL target not found
Refreshing native plugins compatible for Editor in 0.33 ms, found 0 plugins.
Preloading 0 native plugins for Editor in 0.00 ms.
Mono: successfully reloaded assembly
- Completed reload, in  0.990 seconds
Platform modules already initialized, skipping
Refreshing native plugins compatible for Editor in 0.39 ms, found 0 plugins.
Preloading 0 native plugins for Editor in 0.00 ms.
Unloading 1317 Unused Serialized files (Serialized files now loaded: 0)
System memory in use before: 144.6 MB.
System memory in use after: 144.7 MB.

Unloading 5 unused Assets to reduce memory usage. Loaded Objects now: 1952.
Total: 2.061900 ms (FindLiveObjects: 0.222900 ms CreateObjectMapping: 0.034700 ms MarkObjects: 1.727200 ms  DeleteObjects: 0.075500 ms)

========================================================================
Received Prepare
Registering precompiled user dll's ...
Registered in 0.000969 seconds.
Begin MonoManager ReloadAssembly
Native extension for WindowsStandalone target not found
Native extension for WebGL target not found
Refreshing native plugins compatible for Editor in 0.31 ms, found 0 plugins.
Preloading 0 native plugins for Editor in 0.00 ms.
Mono: successfully reloaded assembly
- Completed reload, in  0.876 seconds
Platform modules already initialized, skipping
Refreshing native plugins compatible for Editor in 0.32 ms, found 0 plugins.
Preloading 0 native plugins for Editor in 0.00 ms.
Unloading 1317 Unused Serialized files (Serialized files now loaded: 0)
System memory in use before: 144.6 MB.
System memory in use after: 144.7 MB.

Unloading 5 unused Assets to reduce memory usage. Loaded Objects now: 1955.
Total: 2.033300 ms (FindLiveObjects: 0.217000 ms CreateObjectMapping: 0.037300 ms MarkObjects: 1.691000 ms  DeleteObjects: 0.086900 ms)

========================================================================
Received Prepare
Registering precompiled user dll's ...
Registered in 0.000975 seconds.
Begin MonoManager ReloadAssembly
Native extension for WindowsStandalone target not found
Native extension for WebGL target not found
Refreshing native plugins compatible for Editor in 0.31 ms, found 0 plugins.
Preloading 0 native plugins for Editor in 0.00 ms.
Mono: successfully reloaded assembly
- Completed reload, in  0.877 seconds
Platform modules already initialized, skipping
Refreshing native plugins compatible for Editor in 0.32 ms, found 0 plugins.
Preloading 0 native plugins for Editor in 0.00 ms.
Unloading 1317 Unused Serialized files (Serialized files now loaded: 0)
System memory in use before: 144.6 MB.
System memory in use after: 144.7 MB.

Unloading 5 unused Assets to reduce memory usage. Loaded Objects now: 1958.
Total: 1.905600 ms (FindLiveObjects: 0.175300 ms CreateObjectMapping: 0.034100 ms MarkObjects: 1.616800 ms  DeleteObjects: 0.077800 ms)

========================================================================
Received Prepare
Registering precompiled user dll's ...
Registered in 0.001063 seconds.
Begin MonoManager ReloadAssembly
Native extension for WindowsStandalone target not found
Native extension for WebGL target not found
Refreshing native plugins compatible for Editor in 0.33 ms, found 0 plugins.
Preloading 0 native plugins for Editor in 0.00 ms.
Mono: successfully reloaded assembly
- Completed reload, in  0.897 seconds
Platform modules already initialized, skipping
Refreshing native plugins compatible for Editor in 0.34 ms, found 0 plugins.
Preloading 0 native plugins for Editor in 0.00 ms.
Unloading 1317 Unused Serialized files (Serialized files now loaded: 0)
System memory in use before: 144.6 MB.
System memory in use after: 144.7 MB.

Unloading 5 unused Assets to reduce memory usage. Loaded Objects now: 1961.
Total: 2.010800 ms (FindLiveObjects: 0.189200 ms CreateObjectMapping: 0.037900 ms MarkObjects: 1.699100 ms  DeleteObjects: 0.083700 ms)

========================================================================
Received Prepare
Registering precompiled user dll's ...
Registered in 0.001079 seconds.
Begin MonoManager ReloadAssembly
Native extension for WindowsStandalone target not found
Native extension for WebGL target not found
Refreshing native plugins compatible for Editor in 0.34 ms, found 0 plugins.
Preloading 0 native plugins for Editor in 0.00 ms.
Mono: successfully reloaded assembly
- Completed reload, in  0.898 seconds
Platform modules already initialized, skipping
Refreshing native plugins compatible for Editor in 0.48 ms, found 0 plugins.
Preloading 0 native plugins for Editor in 0.00 ms.
Unloading 1317 Unused Serialized files (Serialized files now loaded: 0)
System memory in use before: 144.6 MB.
System memory in use after: 144.7 MB.

Unloading 5 unused Assets to reduce memory usage. Loaded Objects now: 1964.
Total: 2.033400 ms (FindLiveObjects: 0.207200 ms CreateObjectMapping: 0.035300 ms MarkObjects: 1.711000 ms  DeleteObjects: 0.078600 ms)

========================================================================
Received Prepare
Registering precompiled user dll's ...
Registered in 0.001097 seconds.
Begin MonoManager ReloadAssembly
Native extension for WindowsStandalone target not found
Native extension for WebGL target not found
Refreshing native plugins compatible for Editor in 0.45 ms, found 0 plugins.
Preloading 0 native plugins for Editor in 0.00 ms.
Mono: successfully reloaded assembly
- Completed reload, in  0.870 seconds
Platform modules already initialized, skipping
Refreshing native plugins compatible for Editor in 0.33 ms, found 0 plugins.
Preloading 0 native plugins for Editor in 0.00 ms.
Unloading 1317 Unused Serialized files (Serialized files now loaded: 0)
System memory in use before: 144.6 MB.
System memory in use after: 144.7 MB.

Unloading 5 unused Assets to reduce memory usage. Loaded Objects now: 1967.
Total: 2.052800 ms (FindLiveObjects: 0.222300 ms CreateObjectMapping: 0.035300 ms MarkObjects: 1.709600 ms  DeleteObjects: 0.084200 ms)

========================================================================
Received Import Request.
  Time since last request: 572.155708 seconds.
  path: Assets/Prop.cs
  artifactKey: Guid(cb95649ff46cb2e4493c4d9aae5c05ed) Importer(815301076,1909f56bfc062723c751e8b465ee728b)
Start importing Assets/Prop.cs using Guid(cb95649ff46cb2e4493c4d9aae5c05ed) Importer(815301076,1909f56bfc062723c751e8b465ee728b)  -> (artifact id: 'ad749cd0772055f1a78978d859241e61') in 0.006879 seconds
  Import took 0.009665 seconds .

========================================================================
Received Import Request.
  Time since last request: 0.000785 seconds.
  path: Assets/Prop.cs
  artifactKey: Guid(cb95649ff46cb2e4493c4d9aae5c05ed) Importer(815301076,1909f56bfc062723c751e8b465ee728b)
Start importing Assets/Prop.cs using Guid(cb95649ff46cb2e4493c4d9aae5c05ed) Importer(815301076,1909f56bfc062723c751e8b465ee728b)  -> (artifact id: 'ad749cd0772055f1a78978d859241e61') in 0.003322 seconds
  Import took 0.005492 seconds .

========================================================================
Received Import Request.
  Time since last request: 78.041944 seconds.
  path: Assets/Small Prop.prefab
  artifactKey: Guid(47747d65deadafe48ab0247b679261c2) Importer(815301076,1909f56bfc062723c751e8b465ee728b)
Start importing Assets/Small Prop.prefab using Guid(47747d65deadafe48ab0247b679261c2) Importer(815301076,1909f56bfc062723c751e8b465ee728b)  -> (artifact id: '2a8495b58f5f06dbddb13fe41024ffed') in 0.057449 seconds
  Import took 0.060527 seconds .

========================================================================
Received Prepare
Registering precompiled user dll's ...
Registered in 0.000991 seconds.
Begin MonoManager ReloadAssembly
Native extension for WindowsStandalone target not found
Native extension for WebGL target not found
Refreshing native plugins compatible for Editor in 0.45 ms, found 0 plugins.
Preloading 0 native plugins for Editor in 0.00 ms.
Mono: successfully reloaded assembly
- Completed reload, in  0.884 seconds
Platform modules already initialized, skipping
Refreshing native plugins compatible for Editor in 0.33 ms, found 0 plugins.
Preloading 0 native plugins for Editor in 0.00 ms.
Unloading 1317 Unused Serialized files (Serialized files now loaded: 0)
System memory in use before: 144.6 MB.
System memory in use after: 144.7 MB.

Unloading 6 unused Assets to reduce memory usage. Loaded Objects now: 1971.
Total: 2.041800 ms (FindLiveObjects: 0.188000 ms CreateObjectMapping: 0.034400 ms MarkObjects: 1.737300 ms  DeleteObjects: 0.081000 ms)

========================================================================
Received Import Request.
  Time since last request: 47.730683 seconds.
  path: Assets/Small Prop.prefab
  artifactKey: Guid(47747d65deadafe48ab0247b679261c2) Importer(815301076,1909f56bfc062723c751e8b465ee728b)
Start importing Assets/Small Prop.prefab using Guid(47747d65deadafe48ab0247b679261c2) Importer(815301076,1909f56bfc062723c751e8b465ee728b)  -> (artifact id: '0f067dcad004913709259b2d0b6a8283') in 0.060541 seconds
  Import took 0.063779 seconds .

========================================================================
Received Import Request.
  Time since last request: 0.000317 seconds.
  path: Assets/SmallExplosion.prefab
  artifactKey: Guid(9f507bbe0b418064b936eed2e1153ac6) Importer(815301076,1909f56bfc062723c751e8b465ee728b)
Start importing Assets/SmallExplosion.prefab using Guid(9f507bbe0b418064b936eed2e1153ac6) Importer(815301076,1909f56bfc062723c751e8b465ee728b)  -> (artifact id: '53acd711993ee34d7d09d710371b3551') in 0.006419 seconds
  Import took 0.009257 seconds .

========================================================================
Received Prepare
Registering precompiled user dll's ...
Registered in 0.001152 seconds.
Begin MonoManager ReloadAssembly
Native extension for WindowsStandalone target not found
Native extension for WebGL target not found
Refreshing native plugins compatible for Editor in 0.31 ms, found 0 plugins.
Preloading 0 native plugins for Editor in 0.00 ms.
Mono: successfully reloaded assembly
- Completed reload, in  0.885 seconds
Platform modules already initialized, skipping
Refreshing native plugins compatible for Editor in 0.32 ms, found 0 plugins.
Preloading 0 native plugins for Editor in 0.00 ms.
Unloading 1317 Unused Serialized files (Serialized files now loaded: 0)
System memory in use before: 144.6 MB.
System memory in use after: 144.7 MB.

Unloading 6 unused Assets to reduce memory usage. Loaded Objects now: 1975.
Total: 1.864700 ms (FindLiveObjects: 0.225100 ms CreateObjectMapping: 0.036700 ms MarkObjects: 1.519500 ms  DeleteObjects: 0.082400 ms)

========================================================================
Received Import Request.
  Time since last request: 31.321593 seconds.
  path: Assets/Small Prop.prefab
  artifactKey: Guid(47747d65deadafe48ab0247b679261c2) Importer(815301076,1909f56bfc062723c751e8b465ee728b)
Start importing Assets/Small Prop.prefab using Guid(47747d65deadafe48ab0247b679261c2) Importer(815301076,1909f56bfc062723c751e8b465ee728b)  -> (artifact id: 'b02312b1b18489131d6c359c2163a836') in 0.060827 seconds
  Import took 0.063955 seconds .

========================================================================
Received Prepare
Registering precompiled user dll's ...
Registered in 0.001061 seconds.
Begin MonoManager ReloadAssembly
Native extension for WindowsStandalone target not found
Native extension for WebGL target not found
Refreshing native plugins compatible for Editor in 0.31 ms, found 0 plugins.
Preloading 0 native plugins for Editor in 0.00 ms.
Mono: successfully reloaded assembly
- Completed reload, in  0.906 seconds
Platform modules already initialized, skipping
Refreshing native plugins compatible for Editor in 0.31 ms, found 0 plugins.
Preloading 0 native plugins for Editor in 0.00 ms.
Unloading 1317 Unused Serialized files (Serialized files now loaded: 0)
System memory in use before: 144.6 MB.
System memory in use after: 144.7 MB.

Unloading 6 unused Assets to reduce memory usage. Loaded Objects now: 1979.
Total: 1.859700 ms (FindLiveObjects: 0.194700 ms CreateObjectMapping: 0.034500 ms MarkObjects: 1.549500 ms  DeleteObjects: 0.079700 ms)

========================================================================
Received Prepare
Registering precompiled user dll's ...
Registered in 0.001069 seconds.
Begin MonoManager ReloadAssembly
Native extension for WindowsStandalone target not found
Native extension for WebGL target not found
Refreshing native plugins compatible for Editor in 0.33 ms, found 0 plugins.
Preloading 0 native plugins for Editor in 0.00 ms.
Mono: successfully reloaded assembly
- Completed reload, in  0.901 seconds
Platform modules already initialized, skipping
Refreshing native plugins compatible for Editor in 0.34 ms, found 0 plugins.
Preloading 0 native plugins for Editor in 0.00 ms.
Unloading 1317 Unused Serialized files (Serialized files now loaded: 0)
System memory in use before: 144.6 MB.
System memory in use after: 144.7 MB.

Unloading 5 unused Assets to reduce memory usage. Loaded Objects now: 1982.
Total: 2.067700 ms (FindLiveObjects: 0.194600 ms CreateObjectMapping: 0.035000 ms MarkObjects: 1.758900 ms  DeleteObjects: 0.077800 ms)

========================================================================
Received Import Request.
  Time since last request: 150.440642 seconds.
  path: Assets/Small Prop.prefab
  artifactKey: Guid(47747d65deadafe48ab0247b679261c2) Importer(815301076,1909f56bfc062723c751e8b465ee728b)
Start importing Assets/Small Prop.prefab using Guid(47747d65deadafe48ab0247b679261c2) Importer(815301076,1909f56bfc062723c751e8b465ee728b)  -> (artifact id: '6c7daf06158c9724301726b708a2e7dd') in 0.064863 seconds
  Import took 0.068362 seconds .

========================================================================
Received Prepare
Registering precompiled user dll's ...
Registered in 0.001036 seconds.
Begin MonoManager ReloadAssembly
Native extension for WindowsStandalone target not found
Native extension for WebGL target not found
Refreshing native plugins compatible for Editor in 0.31 ms, found 0 plugins.
Preloading 0 native plugins for Editor in 0.00 ms.
Mono: successfully reloaded assembly
- Completed reload, in  0.899 seconds
Platform modules already initialized, skipping
Refreshing native plugins compatible for Editor in 0.31 ms, found 0 plugins.
Preloading 0 native plugins for Editor in 0.00 ms.
Unloading 1317 Unused Serialized files (Serialized files now loaded: 0)
System memory in use before: 144.7 MB.
System memory in use after: 144.7 MB.

Unloading 6 unused Assets to reduce memory usage. Loaded Objects now: 1986.
Total: 2.012100 ms (FindLiveObjects: 0.252300 ms CreateObjectMapping: 0.047500 ms MarkObjects: 1.627600 ms  DeleteObjects: 0.083400 ms)

========================================================================
Received Prepare
Registering precompiled user dll's ...
Registered in 0.001046 seconds.
Begin MonoManager ReloadAssembly
Native extension for WindowsStandalone target not found
Native extension for WebGL target not found
Refreshing native plugins compatible for Editor in 0.31 ms, found 0 plugins.
Preloading 0 native plugins for Editor in 0.00 ms.
Mono: successfully reloaded assembly
- Completed reload, in  0.861 seconds
Platform modules already initialized, skipping
Refreshing native plugins compatible for Editor in 0.33 ms, found 0 plugins.
Preloading 0 native plugins for Editor in 0.00 ms.
Unloading 1317 Unused Serialized files (Serialized files now loaded: 0)
System memory in use before: 144.7 MB.
System memory in use after: 144.7 MB.

Unloading 5 unused Assets to reduce memory usage. Loaded Objects now: 1989.
Total: 2.001900 ms (FindLiveObjects: 0.175200 ms CreateObjectMapping: 0.035600 ms MarkObjects: 1.700500 ms  DeleteObjects: 0.089200 ms)

========================================================================
Received Prepare
Registering precompiled user dll's ...
Registered in 0.001085 seconds.
Begin MonoManager ReloadAssembly
Native extension for WindowsStandalone target not found
Native extension for WebGL target not found
Refreshing native plugins compatible for Editor in 0.31 ms, found 0 plugins.
Preloading 0 native plugins for Editor in 0.00 ms.
Mono: successfully reloaded assembly
- Completed reload, in  0.890 seconds
Platform modules already initialized, skipping
Refreshing native plugins compatible for Editor in 0.31 ms, found 0 plugins.
Preloading 0 native plugins for Editor in 0.00 ms.
Unloading 1317 Unused Serialized files (Serialized files now loaded: 0)
System memory in use before: 144.7 MB.
System memory in use after: 144.8 MB.

Unloading 5 unused Assets to reduce memory usage. Loaded Objects now: 1992.
Total: 1.952400 ms (FindLiveObjects: 0.182300 ms CreateObjectMapping: 0.032800 ms MarkObjects: 1.658800 ms  DeleteObjects: 0.077400 ms)

========================================================================
Received Prepare
Registering precompiled user dll's ...
Registered in 0.001051 seconds.
Begin MonoManager ReloadAssembly
Native extension for WindowsStandalone target not found
Native extension for WebGL target not found
Refreshing native plugins compatible for Editor in 0.46 ms, found 0 plugins.
Preloading 0 native plugins for Editor in 0.00 ms.
Mono: successfully reloaded assembly
- Completed reload, in  0.876 seconds
Platform modules already initialized, skipping
Refreshing native plugins compatible for Editor in 0.31 ms, found 0 plugins.
Preloading 0 native plugins for Editor in 0.00 ms.
Unloading 1317 Unused Serialized files (Serialized files now loaded: 0)
System memory in use before: 144.7 MB.
System memory in use after: 144.8 MB.

Unloading 5 unused Assets to reduce memory usage. Loaded Objects now: 1995.
Total: 2.059800 ms (FindLiveObjects: 0.275200 ms CreateObjectMapping: 0.038200 ms MarkObjects: 1.662100 ms  DeleteObjects: 0.083200 ms)

========================================================================
Received Prepare
Registering precompiled user dll's ...
Registered in 0.001009 seconds.
Begin MonoManager ReloadAssembly
Native extension for WindowsStandalone target not found
Native extension for WebGL target not found
Refreshing native plugins compatible for Editor in 0.32 ms, found 0 plugins.
Preloading 0 native plugins for Editor in 0.00 ms.
Mono: successfully reloaded assembly
- Completed reload, in  0.871 seconds
Platform modules already initialized, skipping
Refreshing native plugins compatible for Editor in 0.37 ms, found 0 plugins.
Preloading 0 native plugins for Editor in 0.00 ms.
Unloading 1317 Unused Serialized files (Serialized files now loaded: 0)
System memory in use before: 144.7 MB.
System memory in use after: 144.8 MB.

Unloading 5 unused Assets to reduce memory usage. Loaded Objects now: 1998.
Total: 1.814800 ms (FindLiveObjects: 0.184400 ms CreateObjectMapping: 0.035500 ms MarkObjects: 1.521200 ms  DeleteObjects: 0.072800 ms)

========================================================================
Received Prepare
Registering precompiled user dll's ...
Registered in 0.001279 seconds.
Begin MonoManager ReloadAssembly
Native extension for WindowsStandalone target not found
Native extension for WebGL target not found
Refreshing native plugins compatible for Editor in 0.33 ms, found 0 plugins.
Preloading 0 native plugins for Editor in 0.00 ms.
Mono: successfully reloaded assembly
- Completed reload, in  0.888 seconds
Platform modules already initialized, skipping
Refreshing native plugins compatible for Editor in 0.31 ms, found 0 plugins.
Preloading 0 native plugins for Editor in 0.00 ms.
Unloading 1317 Unused Serialized files (Serialized files now loaded: 0)
System memory in use before: 144.7 MB.
System memory in use after: 144.8 MB.

Unloading 5 unused Assets to reduce memory usage. Loaded Objects now: 2001.
Total: 2.062900 ms (FindLiveObjects: 0.190000 ms CreateObjectMapping: 0.036700 ms MarkObjects: 1.751000 ms  DeleteObjects: 0.083900 ms)

========================================================================
Received Import Request.
  Time since last request: 597.503743 seconds.
  path: Assets/Small Prop.prefab
  artifactKey: Guid(47747d65deadafe48ab0247b679261c2) Importer(815301076,1909f56bfc062723c751e8b465ee728b)
Start importing Assets/Small Prop.prefab using Guid(47747d65deadafe48ab0247b679261c2) Importer(815301076,1909f56bfc062723c751e8b465ee728b)  -> (artifact id: 'bdf2e2aa75fe694b8bc61e182111ba9c') in 0.058295 seconds
  Import took 0.061652 seconds .

AssetImportWorkerClient::OnTransportError - code=2 error=End of file
