Using pre-set license
Built from '2020.3/staging' branch; Version is '2020.3.4f1 (0abb6314276a) revision 703331'; Using compiler version '192528614'; Build Type 'Release'
OS: 'Windows 10 Education; OS build 19042.1110; Version 2009; 64bit' Language: 'ko' Physical Memory: 16335 MB
BatchMode: 1, IsHumanControllingUs: 0, StartBugReporterOnCrash: 0, Is64bit: 1, IsPro: 0

 COMMAND LINE ARGUMENTS:
C:\Program Files\Unity\Hub\Editor\2020.3.4f1\Editor\Unity.exe
-adb2
-batchMode
-noUpm
-name
AssetImportWorker0
-projectPath
C:/Users/이지후/Amazing Bowling
-logFile
Logs/AssetImportWorker0.log
-srvPort
52779
Successfully changed project path to: C:/Users/이지후/Amazing Bowling
C:/Users/이지후/Amazing Bowling
Using Asset Import Pipeline V2.
Refreshing native plugins compatible for Editor in 37.80 ms, found 0 plugins.
Preloading 0 native plugins for Editor in 0.00 ms.
Initialize engine version: 2020.3.4f1 (0abb6314276a)
[Subsystems] Discovering subsystems at path C:/Program Files/Unity/Hub/Editor/2020.3.4f1/Editor/Data/Resources/UnitySubsystems
[Subsystems] Discovering subsystems at path C:/Users/이지후/Amazing Bowling/Assets
GfxDevice: creating device client; threaded=0
Direct3D:
    Version:  Direct3D 11.0 [level 11.1]
    Renderer: NVIDIA GeForce GTX 1060 6GB (ID=0x1c03)
    Vendor:   
    VRAM:     6052 MB
    Driver:   27.21.14.5671
Initialize mono
Mono path[0] = 'C:/Program Files/Unity/Hub/Editor/2020.3.4f1/Editor/Data/Managed'
Mono path[1] = 'C:/Program Files/Unity/Hub/Editor/2020.3.4f1/Editor/Data/MonoBleedingEdge/lib/mono/unityjit'
Mono config path = 'C:/Program Files/Unity/Hub/Editor/2020.3.4f1/Editor/Data/MonoBleedingEdge/etc'
Using monoOptions --debugger-agent=transport=dt_socket,embedding=1,server=y,suspend=n,address=127.0.0.1:56852
Begin MonoManager ReloadAssembly
Registering precompiled unity dll's ...
Register platform support module: C:/Program Files/Unity/Hub/Editor/2020.3.4f1/Editor/Data/PlaybackEngines/WebGLSupport/UnityEditor.WebGL.Extensions.dll
Register platform support module: C:/Program Files/Unity/Hub/Editor/2020.3.4f1/Editor/Data/PlaybackEngines/WindowsStandaloneSupport/UnityEditor.WindowsStandalone.Extensions.dll
Registered in 0.005210 seconds.
Native extension for WindowsStandalone target not found
Native extension for WebGL target not found
Refreshing native plugins compatible for Editor in 35.33 ms, found 0 plugins.
Preloading 0 native plugins for Editor in 0.00 ms.
Mono: successfully reloaded assembly
- Completed reload, in  1.523 seconds
Platform modules already initialized, skipping
Registering precompiled user dll's ...
Registered in 0.001103 seconds.
Begin MonoManager ReloadAssembly
Native extension for WindowsStandalone target not found
Native extension for WebGL target not found
Refreshing native plugins compatible for Editor in 0.47 ms, found 0 plugins.
Preloading 0 native plugins for Editor in 0.00 ms.
Mono: successfully reloaded assembly
- Completed reload, in  0.982 seconds
Platform modules already initialized, skipping
========================================================================
Worker process is ready to serve import requests
Launched and connected shader compiler UnityShaderCompiler.exe after 0.05 seconds
Refreshing native plugins compatible for Editor in 0.52 ms, found 0 plugins.
Preloading 0 native plugins for Editor in 0.00 ms.
Unloading 1361 Unused Serialized files (Serialized files now loaded: 0)
System memory in use before: 73.2 MB.
System memory in use after: 73.2 MB.

Unloading 14 unused Assets to reduce memory usage. Loaded Objects now: 1808.
Total: 2.498200 ms (FindLiveObjects: 0.302600 ms CreateObjectMapping: 0.051100 ms MarkObjects: 2.029000 ms  DeleteObjects: 0.113800 ms)

========================================================================
Received Import Request.
  path: Assets/Main Camera Profile.asset
  artifactKey: Guid(a2c5621595413ca4a81d437f1d534aff) Importer(815301076,1909f56bfc062723c751e8b465ee728b)
Start importing Assets/Main Camera Profile.asset using Guid(a2c5621595413ca4a81d437f1d534aff) Importer(815301076,1909f56bfc062723c751e8b465ee728b)  -> (artifact id: 'cd06bf8fb5698c13ac8c4135f8f202a9') in 0.045655 seconds
  Import took 0.048182 seconds .

========================================================================
Received Import Request.
  Time since last request: 0.000246 seconds.
  path: Assets/Readme.asset
  artifactKey: Guid(83c2ed844a8c74b779a4c823d16594b1) Importer(815301076,1909f56bfc062723c751e8b465ee728b)
Start importing Assets/Readme.asset using Guid(83c2ed844a8c74b779a4c823d16594b1) Importer(815301076,1909f56bfc062723c751e8b465ee728b)  -> (artifact id: '258334764511c16bb8cbe098566fc135') in 0.009879 seconds
  Import took 0.012650 seconds .

========================================================================
Received Prepare
Registering precompiled user dll's ...
Registered in 0.001088 seconds.
Begin MonoManager ReloadAssembly
Native extension for WindowsStandalone target not found
Native extension for WebGL target not found
Refreshing native plugins compatible for Editor in 0.30 ms, found 0 plugins.
Preloading 0 native plugins for Editor in 0.00 ms.
Mono: successfully reloaded assembly
- Completed reload, in  0.885 seconds
Platform modules already initialized, skipping
Refreshing native plugins compatible for Editor in 0.43 ms, found 0 plugins.
Preloading 0 native plugins for Editor in 0.00 ms.
Unloading 1314 Unused Serialized files (Serialized files now loaded: 0)
System memory in use before: 69.0 MB.
System memory in use after: 69.1 MB.

Unloading 5 unused Assets to reduce memory usage. Loaded Objects now: 1811.
Total: 1.811700 ms (FindLiveObjects: 0.187000 ms CreateObjectMapping: 0.040900 ms MarkObjects: 1.512900 ms  DeleteObjects: 0.070000 ms)

========================================================================
Received Import Request.
  Time since last request: 227.067535 seconds.
  path: Assets/Shared
  artifactKey: Guid(d20707e94d6582c4bb82c70bda7918f0) Importer(815301076,1909f56bfc062723c751e8b465ee728b)
Start importing Assets/Shared using Guid(d20707e94d6582c4bb82c70bda7918f0) Importer(815301076,1909f56bfc062723c751e8b465ee728b)  -> (artifact id: '5a884b7dc3758561160dcbfed05b2649') in 0.011103 seconds
  Import took 0.013641 seconds .

========================================================================
Received Import Request.
  Time since last request: 0.335289 seconds.
  path: Assets/TextMesh Pro
  artifactKey: Guid(f54d1bd14bd3ca042bd867b519fee8cc) Importer(815301076,1909f56bfc062723c751e8b465ee728b)
Start importing Assets/TextMesh Pro using Guid(f54d1bd14bd3ca042bd867b519fee8cc) Importer(815301076,1909f56bfc062723c751e8b465ee728b)  -> (artifact id: '544fad4ac94e73ee47f9e8c9903b34fc') in 0.007506 seconds
  Import took 0.010053 seconds .

========================================================================
Received Import Request.
  Time since last request: 0.000338 seconds.
  path: Assets/TextMesh Pro
  artifactKey: Guid(f54d1bd14bd3ca042bd867b519fee8cc) Importer(815301076,1909f56bfc062723c751e8b465ee728b)
Start importing Assets/TextMesh Pro using Guid(f54d1bd14bd3ca042bd867b519fee8cc) Importer(815301076,1909f56bfc062723c751e8b465ee728b)  -> (artifact id: '544fad4ac94e73ee47f9e8c9903b34fc') in 0.002841 seconds
  Import took 0.004957 seconds .

========================================================================
Received Import Request.
  Time since last request: 1.152080 seconds.
  path: Assets/Music
  artifactKey: Guid(45aec8d242af8e040a61b3c2aec5a998) Importer(815301076,1909f56bfc062723c751e8b465ee728b)
Start importing Assets/Music using Guid(45aec8d242af8e040a61b3c2aec5a998) Importer(815301076,1909f56bfc062723c751e8b465ee728b)  -> (artifact id: '945a3b34e647e2d6a0752b5551bdbaf1') in 0.007225 seconds
  Import took 0.009635 seconds .

========================================================================
Received Import Request.
  Time since last request: 0.000385 seconds.
  path: Assets/Music
  artifactKey: Guid(45aec8d242af8e040a61b3c2aec5a998) Importer(815301076,1909f56bfc062723c751e8b465ee728b)
Start importing Assets/Music using Guid(45aec8d242af8e040a61b3c2aec5a998) Importer(815301076,1909f56bfc062723c751e8b465ee728b)  -> (artifact id: '945a3b34e647e2d6a0752b5551bdbaf1') in 0.002959 seconds
  Import took 0.005179 seconds .

========================================================================
Received Import Request.
  Time since last request: 0.342806 seconds.
  path: Assets/EffectExamples
  artifactKey: Guid(6c0b056137d972f46a0312ba21b6263f) Importer(815301076,1909f56bfc062723c751e8b465ee728b)
Start importing Assets/EffectExamples using Guid(6c0b056137d972f46a0312ba21b6263f) Importer(815301076,1909f56bfc062723c751e8b465ee728b)  -> (artifact id: 'fd5fdd8b2a2b7c01b34b2f228747c8d9') in 0.007067 seconds
  Import took 0.009547 seconds .

========================================================================
Received Import Request.
  Time since last request: 1.194288 seconds.
  path: Assets/8-Bit Sfx
  artifactKey: Guid(24c2b715498187b4db97b920a223c67f) Importer(815301076,1909f56bfc062723c751e8b465ee728b)
Start importing Assets/8-Bit Sfx using Guid(24c2b715498187b4db97b920a223c67f) Importer(815301076,1909f56bfc062723c751e8b465ee728b)  -> (artifact id: '94186be6fb0441f82ffe09d71a3f487b') in 0.007152 seconds
  Import took 0.009631 seconds .

========================================================================
Received Import Request.
  Time since last request: 0.000805 seconds.
  path: Assets/8-Bit Sfx
  artifactKey: Guid(24c2b715498187b4db97b920a223c67f) Importer(815301076,1909f56bfc062723c751e8b465ee728b)
Start importing Assets/8-Bit Sfx using Guid(24c2b715498187b4db97b920a223c67f) Importer(815301076,1909f56bfc062723c751e8b465ee728b)  -> (artifact id: '94186be6fb0441f82ffe09d71a3f487b') in 0.002788 seconds
  Import took 0.005101 seconds .

========================================================================
Received Import Request.
  Time since last request: 94.210607 seconds.
  path: Assets
  artifactKey: Guid(00000000000000001000000000000000) Importer(815301076,1909f56bfc062723c751e8b465ee728b)
Start importing Assets using Guid(00000000000000001000000000000000) Importer(815301076,1909f56bfc062723c751e8b465ee728b)  -> (artifact id: '025e4f587c23674256bb898581e82961') in 0.013818 seconds
  Import took 0.018373 seconds .

========================================================================
Received Import Request.
  Time since last request: 0.001074 seconds.
  path: Assets
  artifactKey: Guid(00000000000000001000000000000000) Importer(815301076,1909f56bfc062723c751e8b465ee728b)
Start importing Assets using Guid(00000000000000001000000000000000) Importer(815301076,1909f56bfc062723c751e8b465ee728b)  -> (artifact id: '025e4f587c23674256bb898581e82961') in 0.002855 seconds
  Import took 0.005475 seconds .

========================================================================
Received Import Request.
  Time since last request: 12.989202 seconds.
  path: Assets/Barrel.mat
  artifactKey: Guid(04c6fe13b2a63ee40a328ac156e6d0f7) Importer(815301076,1909f56bfc062723c751e8b465ee728b)
Start importing Assets/Barrel.mat using Guid(04c6fe13b2a63ee40a328ac156e6d0f7) Importer(815301076,1909f56bfc062723c751e8b465ee728b)  -> (artifact id: 'dd33dd1ea82b94b0547919978a084238') in 0.100635 seconds
  Import took 0.103262 seconds .

========================================================================
Received Prepare
Registering precompiled user dll's ...
Registered in 0.001040 seconds.
Begin MonoManager ReloadAssembly
Native extension for WindowsStandalone target not found
Native extension for WebGL target not found
Refreshing native plugins compatible for Editor in 0.35 ms, found 0 plugins.
Preloading 0 native plugins for Editor in 0.00 ms.
Mono: successfully reloaded assembly
- Completed reload, in  0.899 seconds
Platform modules already initialized, skipping
Refreshing native plugins compatible for Editor in 0.31 ms, found 0 plugins.
Preloading 0 native plugins for Editor in 0.00 ms.
Unloading 1315 Unused Serialized files (Serialized files now loaded: 0)
System memory in use before: 72.4 MB.
System memory in use after: 72.5 MB.

Unloading 5 unused Assets to reduce memory usage. Loaded Objects now: 1855.
Total: 1.780800 ms (FindLiveObjects: 0.201900 ms CreateObjectMapping: 0.049300 ms MarkObjects: 1.464400 ms  DeleteObjects: 0.064300 ms)

========================================================================
Received Import Request.
  Time since last request: 391.778787 seconds.
  path: Assets/ShooterRotator.cs
  artifactKey: Guid(8cdcb3bc99ad13e42af7aeb239f064ac) Importer(815301076,1909f56bfc062723c751e8b465ee728b)
Start importing Assets/ShooterRotator.cs using Guid(8cdcb3bc99ad13e42af7aeb239f064ac) Importer(815301076,1909f56bfc062723c751e8b465ee728b)  -> (artifact id: 'e9cd76ffa5d8222098a2abfae42dd431') in 0.028289 seconds
  Import took 0.031104 seconds .

========================================================================
Received Prepare
Registering precompiled user dll's ...
Registered in 0.001069 seconds.
Begin MonoManager ReloadAssembly
Native extension for WindowsStandalone target not found
Native extension for WebGL target not found
Refreshing native plugins compatible for Editor in 0.45 ms, found 0 plugins.
Preloading 0 native plugins for Editor in 0.00 ms.
Mono: successfully reloaded assembly
- Completed reload, in  0.896 seconds
Platform modules already initialized, skipping
Refreshing native plugins compatible for Editor in 0.45 ms, found 0 plugins.
Preloading 0 native plugins for Editor in 0.00 ms.
Unloading 1315 Unused Serialized files (Serialized files now loaded: 0)
System memory in use before: 72.4 MB.
System memory in use after: 72.5 MB.

Unloading 5 unused Assets to reduce memory usage. Loaded Objects now: 1858.
Total: 2.138200 ms (FindLiveObjects: 0.174700 ms CreateObjectMapping: 0.034000 ms MarkObjects: 1.864500 ms  DeleteObjects: 0.064000 ms)

========================================================================
Received Import Request.
  Time since last request: 2167.165545 seconds.
  path: Assets/ShooterRotator.cs
  artifactKey: Guid(8cdcb3bc99ad13e42af7aeb239f064ac) Importer(815301076,1909f56bfc062723c751e8b465ee728b)
Start importing Assets/ShooterRotator.cs using Guid(8cdcb3bc99ad13e42af7aeb239f064ac) Importer(815301076,1909f56bfc062723c751e8b465ee728b)  -> (artifact id: 'e7f013d56e8062755e1c2e76c3af115f') in 0.008833 seconds
  Import took 0.011581 seconds .

========================================================================
Received Prepare
Registering precompiled user dll's ...
Registered in 0.065748 seconds.
Begin MonoManager ReloadAssembly
Native extension for WindowsStandalone target not found
Native extension for WebGL target not found
Refreshing native plugins compatible for Editor in 0.31 ms, found 0 plugins.
Preloading 0 native plugins for Editor in 0.00 ms.
Mono: successfully reloaded assembly
- Completed reload, in  5.458 seconds
Platform modules already initialized, skipping
Refreshing native plugins compatible for Editor in 0.30 ms, found 0 plugins.
Preloading 0 native plugins for Editor in 0.00 ms.
Unloading 1315 Unused Serialized files (Serialized files now loaded: 0)
System memory in use before: 72.4 MB.
System memory in use after: 72.5 MB.

Unloading 5 unused Assets to reduce memory usage. Loaded Objects now: 1861.
Total: 1.767800 ms (FindLiveObjects: 0.193300 ms CreateObjectMapping: 0.033400 ms MarkObjects: 1.481300 ms  DeleteObjects: 0.058700 ms)

========================================================================
Received Prepare
Registering precompiled user dll's ...
Registered in 0.001161 seconds.
Begin MonoManager ReloadAssembly
Native extension for WindowsStandalone target not found
Native extension for WebGL target not found
Refreshing native plugins compatible for Editor in 0.33 ms, found 0 plugins.
Preloading 0 native plugins for Editor in 0.00 ms.
Mono: successfully reloaded assembly
- Completed reload, in  0.897 seconds
Platform modules already initialized, skipping
Refreshing native plugins compatible for Editor in 0.31 ms, found 0 plugins.
Preloading 0 native plugins for Editor in 0.00 ms.
Unloading 1315 Unused Serialized files (Serialized files now loaded: 0)
System memory in use before: 72.4 MB.
System memory in use after: 72.5 MB.

Unloading 5 unused Assets to reduce memory usage. Loaded Objects now: 1864.
Total: 2.189700 ms (FindLiveObjects: 0.204200 ms CreateObjectMapping: 0.046100 ms MarkObjects: 1.865400 ms  DeleteObjects: 0.072900 ms)

========================================================================
Received Import Request.
  Time since last request: 3703.683616 seconds.
  path: Assets/Barrel.mat
  artifactKey: Guid(04c6fe13b2a63ee40a328ac156e6d0f7) Importer(815301076,1909f56bfc062723c751e8b465ee728b)
Start importing Assets/Barrel.mat using Guid(04c6fe13b2a63ee40a328ac156e6d0f7) Importer(815301076,1909f56bfc062723c751e8b465ee728b)  -> (artifact id: 'add1edadb8e3d09406488c5bded47d74') in 0.070286 seconds
  Import took 0.072910 seconds .

AssetImportWorkerClient::OnTransportError - code=2 error=End of file
